2024-04-17T15:05:56.400+05:30  INFO 82537 --- [gbs-auth] [main] com.gbs.auth.GbsAuthApplication          : Starting GbsAuthApplication using Java 19.0.2 with PID 82537 (/Data/Learning/Spring/Garage-Booking-System/gbs-auth/target/classes started by root319 in /Data/Learning/Spring/Garage-Booking-System)
2024-04-17T15:05:56.404+05:30  INFO 82537 --- [gbs-auth] [main] com.gbs.auth.GbsAuthApplication          : No active profile set, falling back to 1 default profile: "default"
2024-04-17T15:05:57.244+05:30  INFO 82537 --- [gbs-auth] [main] .s.d.r.c.RepositoryConfigurationDelegate : Bootstrapping Spring Data JPA repositories in DEFAULT mode.
2024-04-17T15:05:57.309+05:30  INFO 82537 --- [gbs-auth] [main] .s.d.r.c.RepositoryConfigurationDelegate : Finished Spring Data repository scanning in 57 ms. Found 1 JPA repository interface.
2024-04-17T15:05:57.870+05:30  INFO 82537 --- [gbs-auth] [main] o.s.b.w.embedded.tomcat.TomcatWebServer  : Tomcat initialized with port 7452 (http)
2024-04-17T15:05:57.883+05:30  INFO 82537 --- [gbs-auth] [main] o.apache.catalina.core.StandardService   : Starting service [Tomcat]
2024-04-17T15:05:57.883+05:30  INFO 82537 --- [gbs-auth] [main] o.apache.catalina.core.StandardEngine    : Starting Servlet engine: [Apache Tomcat/10.1.19]
2024-04-17T15:05:57.939+05:30  INFO 82537 --- [gbs-auth] [main] o.a.c.c.C.[Tomcat].[localhost].[/]       : Initializing Spring embedded WebApplicationContext
2024-04-17T15:05:57.939+05:30  INFO 82537 --- [gbs-auth] [main] w.s.c.ServletWebServerApplicationContext : Root WebApplicationContext: initialization completed in 1460 ms
2024-04-17T15:05:58.122+05:30  INFO 82537 --- [gbs-auth] [main] o.hibernate.jpa.internal.util.LogHelper  : HHH000204: Processing PersistenceUnitInfo [name: default]
2024-04-17T15:05:58.169+05:30  INFO 82537 --- [gbs-auth] [main] org.hibernate.Version                    : HHH000412: Hibernate ORM core version 6.4.4.Final
2024-04-17T15:05:58.202+05:30  INFO 82537 --- [gbs-auth] [main] o.h.c.internal.RegionFactoryInitiator    : HHH000026: Second-level cache disabled
2024-04-17T15:05:58.455+05:30  INFO 82537 --- [gbs-auth] [main] o.s.o.j.p.SpringPersistenceUnitInfo      : No LoadTimeWeaver setup: ignoring JPA class transformer
2024-04-17T15:05:58.479+05:30  INFO 82537 --- [gbs-auth] [main] com.zaxxer.hikari.HikariDataSource       : HikariPool-1 - Starting...
2024-04-17T15:05:58.713+05:30  INFO 82537 --- [gbs-auth] [main] com.zaxxer.hikari.pool.HikariPool        : HikariPool-1 - Added connection org.postgresql.jdbc.PgConnection@baa227e
2024-04-17T15:05:58.714+05:30  INFO 82537 --- [gbs-auth] [main] com.zaxxer.hikari.HikariDataSource       : HikariPool-1 - Start completed.
2024-04-17T15:05:58.747+05:30  WARN 82537 --- [gbs-auth] [main] org.hibernate.orm.deprecation            : HHH90000025: PostgreSQLDialect does not need to be specified explicitly using 'hibernate.dialect' (remove the property setting and it will be selected by default)
2024-04-17T15:05:59.695+05:30  INFO 82537 --- [gbs-auth] [main] o.h.e.t.j.p.i.JtaPlatformInitiator       : HHH000489: No JTA platform available (set 'hibernate.transaction.jta.platform' to enable JTA platform integration)
2024-04-17T15:05:59.785+05:30  INFO 82537 --- [gbs-auth] [main] j.LocalContainerEntityManagerFactoryBean : Initialized JPA EntityManagerFactory for persistence unit 'default'
2024-04-17T15:06:00.201+05:30  WARN 82537 --- [gbs-auth] [main] JpaBaseConfiguration$JpaWebConfiguration : spring.jpa.open-in-view is enabled by default. Therefore, database queries may be performed during view rendering. Explicitly configure spring.jpa.open-in-view to disable this warning
2024-04-17T15:06:00.618+05:30  INFO 82537 --- [gbs-auth] [main] o.s.b.w.embedded.tomcat.TomcatWebServer  : Tomcat started on port 7452 (http) with context path ''
2024-04-17T15:06:00.625+05:30  INFO 82537 --- [gbs-auth] [main] o.s.a.r.c.CachingConnectionFactory       : Attempting to connect to: [localhost:5672]
2024-04-17T15:06:00.661+05:30  INFO 82537 --- [gbs-auth] [main] o.s.a.r.c.CachingConnectionFactory       : Created new connection: rabbitConnectionFactory#7fb1820d:0/SimpleConnection@7d50b4c4 [delegate=amqp://guest@127.0.0.1:5672/, localPort=53590]
2024-04-17T15:06:00.718+05:30  INFO 82537 --- [gbs-auth] [main] com.gbs.auth.GbsAuthApplication          : Started GbsAuthApplication in 4.927 seconds (process running for 5.334)
2024-04-17T15:06:02.008+05:30  INFO 82650 --- [gbs-auth] [main] com.gbs.auth.GbsAuthApplication          : Starting GbsAuthApplication using Java 19.0.2 with PID 82650 (/Data/Learning/Spring/Garage-Booking-System/gbs-auth/target/classes started by root319 in /Data/Learning/Spring/Garage-Booking-System)
2024-04-17T15:06:02.011+05:30  INFO 82650 --- [gbs-auth] [main] com.gbs.auth.GbsAuthApplication          : No active profile set, falling back to 1 default profile: "default"
2024-04-17T15:06:02.721+05:30  INFO 82650 --- [gbs-auth] [main] .s.d.r.c.RepositoryConfigurationDelegate : Bootstrapping Spring Data JPA repositories in DEFAULT mode.
2024-04-17T15:06:02.773+05:30  INFO 82650 --- [gbs-auth] [main] .s.d.r.c.RepositoryConfigurationDelegate : Finished Spring Data repository scanning in 45 ms. Found 1 JPA repository interface.
2024-04-17T15:06:03.319+05:30  INFO 82650 --- [gbs-auth] [main] o.s.b.w.embedded.tomcat.TomcatWebServer  : Tomcat initialized with port 1111 (http)
2024-04-17T15:06:03.332+05:30  INFO 82650 --- [gbs-auth] [main] o.apache.catalina.core.StandardService   : Starting service [Tomcat]
2024-04-17T15:06:03.332+05:30  INFO 82650 --- [gbs-auth] [main] o.apache.catalina.core.StandardEngine    : Starting Servlet engine: [Apache Tomcat/10.1.19]
2024-04-17T15:06:03.386+05:30  INFO 82650 --- [gbs-auth] [main] o.a.c.c.C.[Tomcat].[localhost].[/]       : Initializing Spring embedded WebApplicationContext
2024-04-17T15:06:03.386+05:30  INFO 82650 --- [gbs-auth] [main] w.s.c.ServletWebServerApplicationContext : Root WebApplicationContext: initialization completed in 1313 ms
2024-04-17T15:06:03.565+05:30  INFO 82650 --- [gbs-auth] [main] o.hibernate.jpa.internal.util.LogHelper  : HHH000204: Processing PersistenceUnitInfo [name: default]
2024-04-17T15:06:03.610+05:30  INFO 82650 --- [gbs-auth] [main] org.hibernate.Version                    : HHH000412: Hibernate ORM core version 6.4.4.Final
2024-04-17T15:06:03.640+05:30  INFO 82650 --- [gbs-auth] [main] o.h.c.internal.RegionFactoryInitiator    : HHH000026: Second-level cache disabled
2024-04-17T15:06:03.853+05:30  INFO 82650 --- [gbs-auth] [main] o.s.o.j.p.SpringPersistenceUnitInfo      : No LoadTimeWeaver setup: ignoring JPA class transformer
2024-04-17T15:06:03.874+05:30  INFO 82650 --- [gbs-auth] [main] com.zaxxer.hikari.HikariDataSource       : HikariPool-1 - Starting...
2024-04-17T15:06:04.073+05:30  INFO 82650 --- [gbs-auth] [main] com.zaxxer.hikari.pool.HikariPool        : HikariPool-1 - Added connection org.postgresql.jdbc.PgConnection@1d8e9d3e
2024-04-17T15:06:04.074+05:30  INFO 82650 --- [gbs-auth] [main] com.zaxxer.hikari.HikariDataSource       : HikariPool-1 - Start completed.
2024-04-17T15:06:04.104+05:30  WARN 82650 --- [gbs-auth] [main] org.hibernate.orm.deprecation            : HHH90000025: PostgreSQLDialect does not need to be specified explicitly using 'hibernate.dialect' (remove the property setting and it will be selected by default)
2024-04-17T15:06:05.010+05:30  INFO 82650 --- [gbs-auth] [main] o.h.e.t.j.p.i.JtaPlatformInitiator       : HHH000489: No JTA platform available (set 'hibernate.transaction.jta.platform' to enable JTA platform integration)
2024-04-17T15:06:05.107+05:30  INFO 82650 --- [gbs-auth] [main] j.LocalContainerEntityManagerFactoryBean : Initialized JPA EntityManagerFactory for persistence unit 'default'
2024-04-17T15:06:05.568+05:30  WARN 82650 --- [gbs-auth] [main] JpaBaseConfiguration$JpaWebConfiguration : spring.jpa.open-in-view is enabled by default. Therefore, database queries may be performed during view rendering. Explicitly configure spring.jpa.open-in-view to disable this warning
2024-04-17T15:06:05.985+05:30  INFO 82650 --- [gbs-auth] [main] o.s.b.w.embedded.tomcat.TomcatWebServer  : Tomcat started on port 1111 (http) with context path ''
2024-04-17T15:06:05.989+05:30  INFO 82650 --- [gbs-auth] [main] o.s.a.r.c.CachingConnectionFactory       : Attempting to connect to: [localhost:5672]
2024-04-17T15:06:06.021+05:30  INFO 82650 --- [gbs-auth] [main] o.s.a.r.c.CachingConnectionFactory       : Created new connection: rabbitConnectionFactory#38b7004d:0/SimpleConnection@1d208795 [delegate=amqp://guest@127.0.0.1:5672/, localPort=40176]
2024-04-17T15:06:06.076+05:30  INFO 82650 --- [gbs-auth] [main] com.gbs.auth.GbsAuthApplication          : Started GbsAuthApplication in 4.561 seconds (process running for 4.957)
2024-04-17T15:06:12.405+05:30  INFO 82759 --- [gbs-auth] [main] com.gbs.auth.GbsAuthApplication          : Starting GbsAuthApplication using Java 19.0.2 with PID 82759 (/Data/Learning/Spring/Garage-Booking-System/gbs-auth/target/classes started by root319 in /Data/Learning/Spring/Garage-Booking-System)
2024-04-17T15:06:12.407+05:30  INFO 82759 --- [gbs-auth] [main] com.gbs.auth.GbsAuthApplication          : No active profile set, falling back to 1 default profile: "default"
2024-04-17T15:06:13.101+05:30  INFO 82759 --- [gbs-auth] [main] .s.d.r.c.RepositoryConfigurationDelegate : Bootstrapping Spring Data JPA repositories in DEFAULT mode.
2024-04-17T15:06:13.167+05:30  INFO 82759 --- [gbs-auth] [main] .s.d.r.c.RepositoryConfigurationDelegate : Finished Spring Data repository scanning in 58 ms. Found 1 JPA repository interface.
2024-04-17T15:06:13.741+05:30  INFO 82759 --- [gbs-auth] [main] o.s.b.w.embedded.tomcat.TomcatWebServer  : Tomcat initialized with port 2222 (http)
2024-04-17T15:06:13.753+05:30  INFO 82759 --- [gbs-auth] [main] o.apache.catalina.core.StandardService   : Starting service [Tomcat]
2024-04-17T15:06:13.753+05:30  INFO 82759 --- [gbs-auth] [main] o.apache.catalina.core.StandardEngine    : Starting Servlet engine: [Apache Tomcat/10.1.19]
2024-04-17T15:06:13.805+05:30  INFO 82759 --- [gbs-auth] [main] o.a.c.c.C.[Tomcat].[localhost].[/]       : Initializing Spring embedded WebApplicationContext
2024-04-17T15:06:13.805+05:30  INFO 82759 --- [gbs-auth] [main] w.s.c.ServletWebServerApplicationContext : Root WebApplicationContext: initialization completed in 1349 ms
2024-04-17T15:06:13.975+05:30  INFO 82759 --- [gbs-auth] [main] o.hibernate.jpa.internal.util.LogHelper  : HHH000204: Processing PersistenceUnitInfo [name: default]
2024-04-17T15:06:14.023+05:30  INFO 82759 --- [gbs-auth] [main] org.hibernate.Version                    : HHH000412: Hibernate ORM core version 6.4.4.Final
2024-04-17T15:06:14.055+05:30  INFO 82759 --- [gbs-auth] [main] o.h.c.internal.RegionFactoryInitiator    : HHH000026: Second-level cache disabled
2024-04-17T15:06:14.270+05:30  INFO 82759 --- [gbs-auth] [main] o.s.o.j.p.SpringPersistenceUnitInfo      : No LoadTimeWeaver setup: ignoring JPA class transformer
2024-04-17T15:06:14.292+05:30  INFO 82759 --- [gbs-auth] [main] com.zaxxer.hikari.HikariDataSource       : HikariPool-1 - Starting...
2024-04-17T15:06:14.509+05:30  INFO 82759 --- [gbs-auth] [main] com.zaxxer.hikari.pool.HikariPool        : HikariPool-1 - Added connection org.postgresql.jdbc.PgConnection@1d8e9d3e
2024-04-17T15:06:14.510+05:30  INFO 82759 --- [gbs-auth] [main] com.zaxxer.hikari.HikariDataSource       : HikariPool-1 - Start completed.
2024-04-17T15:06:14.541+05:30  WARN 82759 --- [gbs-auth] [main] org.hibernate.orm.deprecation            : HHH90000025: PostgreSQLDialect does not need to be specified explicitly using 'hibernate.dialect' (remove the property setting and it will be selected by default)
2024-04-17T15:06:15.441+05:30  INFO 82759 --- [gbs-auth] [main] o.h.e.t.j.p.i.JtaPlatformInitiator       : HHH000489: No JTA platform available (set 'hibernate.transaction.jta.platform' to enable JTA platform integration)
2024-04-17T15:06:15.519+05:30  INFO 82759 --- [gbs-auth] [main] j.LocalContainerEntityManagerFactoryBean : Initialized JPA EntityManagerFactory for persistence unit 'default'
2024-04-17T15:06:16.025+05:30  WARN 82759 --- [gbs-auth] [main] JpaBaseConfiguration$JpaWebConfiguration : spring.jpa.open-in-view is enabled by default. Therefore, database queries may be performed during view rendering. Explicitly configure spring.jpa.open-in-view to disable this warning
2024-04-17T15:06:16.447+05:30  INFO 82759 --- [gbs-auth] [main] o.s.b.w.embedded.tomcat.TomcatWebServer  : Tomcat started on port 2222 (http) with context path ''
2024-04-17T15:06:16.451+05:30  INFO 82759 --- [gbs-auth] [main] o.s.a.r.c.CachingConnectionFactory       : Attempting to connect to: [localhost:5672]
2024-04-17T15:06:16.482+05:30  INFO 82759 --- [gbs-auth] [main] o.s.a.r.c.CachingConnectionFactory       : Created new connection: rabbitConnectionFactory#38b7004d:0/SimpleConnection@1d208795 [delegate=amqp://guest@127.0.0.1:5672/, localPort=51978]
2024-04-17T15:06:16.531+05:30  INFO 82759 --- [gbs-auth] [main] com.gbs.auth.GbsAuthApplication          : Started GbsAuthApplication in 4.611 seconds (process running for 5.005)
2024-04-17T15:06:22.864+05:30  INFO 82537 --- [gbs-auth] [org.springframework.amqp.rabbit.RabbitListenerEndpointContainer#0-1] c.gbs.auth.listener.user.UserListener    : Received message: 1234567890
2024-04-17T15:06:22.907+05:30  INFO 82650 --- [gbs-auth] [org.springframework.amqp.rabbit.RabbitListenerEndpointContainer#0-1] c.gbs.auth.listener.user.UserListener    : Received message: 1234567890
2024-04-17T15:06:22.974+05:30  INFO 82759 --- [gbs-auth] [org.springframework.amqp.rabbit.RabbitListenerEndpointContainer#0-1] c.gbs.auth.listener.user.UserListener    : Received message: 1234567890
2024-04-17T15:06:23.246+05:30  INFO 82537 --- [gbs-auth] [org.springframework.amqp.rabbit.RabbitListenerEndpointContainer#0-1] c.gbs.auth.listener.user.UserListener    : Received message: 1234567890
2024-04-17T15:06:23.304+05:30  INFO 82650 --- [gbs-auth] [org.springframework.amqp.rabbit.RabbitListenerEndpointContainer#0-1] c.gbs.auth.listener.user.UserListener    : Received message: 1234567890
2024-04-17T15:06:23.333+05:30  INFO 82759 --- [gbs-auth] [org.springframework.amqp.rabbit.RabbitListenerEndpointContainer#0-1] c.gbs.auth.listener.user.UserListener    : Received message: 1234567890
2024-04-17T15:06:23.372+05:30  INFO 82537 --- [gbs-auth] [org.springframework.amqp.rabbit.RabbitListenerEndpointContainer#0-1] c.gbs.auth.listener.user.UserListener    : Received message: 1234567890
2024-04-17T15:06:23.417+05:30  INFO 82650 --- [gbs-auth] [org.springframework.amqp.rabbit.RabbitListenerEndpointContainer#0-1] c.gbs.auth.listener.user.UserListener    : Received message: 1234567890
2024-04-17T15:06:23.451+05:30  INFO 82759 --- [gbs-auth] [org.springframework.amqp.rabbit.RabbitListenerEndpointContainer#0-1] c.gbs.auth.listener.user.UserListener    : Received message: 1234567890
2024-04-17T15:06:23.484+05:30  INFO 82537 --- [gbs-auth] [org.springframework.amqp.rabbit.RabbitListenerEndpointContainer#0-1] c.gbs.auth.listener.user.UserListener    : Received message: 1234567890
2024-04-17T15:06:23.522+05:30  INFO 82650 --- [gbs-auth] [org.springframework.amqp.rabbit.RabbitListenerEndpointContainer#0-1] c.gbs.auth.listener.user.UserListener    : Received message: 1234567890
2024-04-17T15:06:23.556+05:30  INFO 82759 --- [gbs-auth] [org.springframework.amqp.rabbit.RabbitListenerEndpointContainer#0-1] c.gbs.auth.listener.user.UserListener    : Received message: 1234567890
2024-04-17T15:06:23.582+05:30  INFO 82537 --- [gbs-auth] [org.springframework.amqp.rabbit.RabbitListenerEndpointContainer#0-1] c.gbs.auth.listener.user.UserListener    : Received message: 1234567890
2024-04-17T15:06:23.621+05:30  INFO 82650 --- [gbs-auth] [org.springframework.amqp.rabbit.RabbitListenerEndpointContainer#0-1] c.gbs.auth.listener.user.UserListener    : Received message: 1234567890
2024-04-17T15:06:23.653+05:30  INFO 82759 --- [gbs-auth] [org.springframework.amqp.rabbit.RabbitListenerEndpointContainer#0-1] c.gbs.auth.listener.user.UserListener    : Received message: 1234567890
2024-04-17T15:06:23.685+05:30  INFO 82537 --- [gbs-auth] [org.springframework.amqp.rabbit.RabbitListenerEndpointContainer#0-1] c.gbs.auth.listener.user.UserListener    : Received message: 1234567890
2024-04-17T15:06:23.728+05:30  INFO 82650 --- [gbs-auth] [org.springframework.amqp.rabbit.RabbitListenerEndpointContainer#0-1] c.gbs.auth.listener.user.UserListener    : Received message: 1234567890
2024-04-17T15:06:23.753+05:30  INFO 82759 --- [gbs-auth] [org.springframework.amqp.rabbit.RabbitListenerEndpointContainer#0-1] c.gbs.auth.listener.user.UserListener    : Received message: 1234567890
2024-04-17T15:06:23.783+05:30  INFO 82537 --- [gbs-auth] [org.springframework.amqp.rabbit.RabbitListenerEndpointContainer#0-1] c.gbs.auth.listener.user.UserListener    : Received message: 1234567890
2024-04-17T15:06:23.837+05:30  INFO 82650 --- [gbs-auth] [org.springframework.amqp.rabbit.RabbitListenerEndpointContainer#0-1] c.gbs.auth.listener.user.UserListener    : Received message: 1234567890
2024-04-17T15:06:23.850+05:30  INFO 82759 --- [gbs-auth] [org.springframework.amqp.rabbit.RabbitListenerEndpointContainer#0-1] c.gbs.auth.listener.user.UserListener    : Received message: 1234567890
2024-04-17T15:06:23.882+05:30  INFO 82537 --- [gbs-auth] [org.springframework.amqp.rabbit.RabbitListenerEndpointContainer#0-1] c.gbs.auth.listener.user.UserListener    : Received message: 1234567890
2024-04-17T15:06:23.935+05:30  INFO 82650 --- [gbs-auth] [org.springframework.amqp.rabbit.RabbitListenerEndpointContainer#0-1] c.gbs.auth.listener.user.UserListener    : Received message: 1234567890
2024-04-17T15:06:23.954+05:30  INFO 82759 --- [gbs-auth] [org.springframework.amqp.rabbit.RabbitListenerEndpointContainer#0-1] c.gbs.auth.listener.user.UserListener    : Received message: 1234567890
2024-04-17T15:06:23.999+05:30  INFO 82537 --- [gbs-auth] [org.springframework.amqp.rabbit.RabbitListenerEndpointContainer#0-1] c.gbs.auth.listener.user.UserListener    : Received message: 1234567890
2024-04-17T15:06:24.030+05:30  INFO 82650 --- [gbs-auth] [org.springframework.amqp.rabbit.RabbitListenerEndpointContainer#0-1] c.gbs.auth.listener.user.UserListener    : Received message: 1234567890
2024-04-17T15:06:24.053+05:30  INFO 82759 --- [gbs-auth] [org.springframework.amqp.rabbit.RabbitListenerEndpointContainer#0-1] c.gbs.auth.listener.user.UserListener    : Received message: 1234567890
2024-04-17T15:06:24.116+05:30  INFO 82537 --- [gbs-auth] [org.springframework.amqp.rabbit.RabbitListenerEndpointContainer#0-1] c.gbs.auth.listener.user.UserListener    : Received message: 1234567890
2024-04-17T15:06:24.145+05:30  INFO 82650 --- [gbs-auth] [org.springframework.amqp.rabbit.RabbitListenerEndpointContainer#0-1] c.gbs.auth.listener.user.UserListener    : Received message: 1234567890
2024-04-17T15:06:24.166+05:30  INFO 82759 --- [gbs-auth] [org.springframework.amqp.rabbit.RabbitListenerEndpointContainer#0-1] c.gbs.auth.listener.user.UserListener    : Received message: 1234567890
2024-04-17T15:06:24.211+05:30  INFO 82537 --- [gbs-auth] [org.springframework.amqp.rabbit.RabbitListenerEndpointContainer#0-1] c.gbs.auth.listener.user.UserListener    : Received message: 1234567890
2024-04-17T15:06:24.237+05:30  INFO 82650 --- [gbs-auth] [org.springframework.amqp.rabbit.RabbitListenerEndpointContainer#0-1] c.gbs.auth.listener.user.UserListener    : Received message: 1234567890
2024-04-17T15:06:24.260+05:30  INFO 82759 --- [gbs-auth] [org.springframework.amqp.rabbit.RabbitListenerEndpointContainer#0-1] c.gbs.auth.listener.user.UserListener    : Received message: 1234567890
2024-04-17T15:06:24.309+05:30  INFO 82537 --- [gbs-auth] [org.springframework.amqp.rabbit.RabbitListenerEndpointContainer#0-1] c.gbs.auth.listener.user.UserListener    : Received message: 1234567890
2024-04-17T15:06:24.337+05:30  INFO 82650 --- [gbs-auth] [org.springframework.amqp.rabbit.RabbitListenerEndpointContainer#0-1] c.gbs.auth.listener.user.UserListener    : Received message: 1234567890
2024-04-17T15:06:24.357+05:30  INFO 82759 --- [gbs-auth] [org.springframework.amqp.rabbit.RabbitListenerEndpointContainer#0-1] c.gbs.auth.listener.user.UserListener    : Received message: 1234567890
2024-04-17T15:06:24.424+05:30  INFO 82537 --- [gbs-auth] [org.springframework.amqp.rabbit.RabbitListenerEndpointContainer#0-1] c.gbs.auth.listener.user.UserListener    : Received message: 1234567890
2024-04-17T15:06:24.453+05:30  INFO 82759 --- [gbs-auth] [org.springframework.amqp.rabbit.RabbitListenerEndpointContainer#0-1] c.gbs.auth.listener.user.UserListener    : Received message: 1234567890
2024-04-17T15:06:24.456+05:30  INFO 82650 --- [gbs-auth] [org.springframework.amqp.rabbit.RabbitListenerEndpointContainer#0-1] c.gbs.auth.listener.user.UserListener    : Received message: 1234567890
2024-04-17T15:06:24.531+05:30  INFO 82537 --- [gbs-auth] [org.springframework.amqp.rabbit.RabbitListenerEndpointContainer#0-1] c.gbs.auth.listener.user.UserListener    : Received message: 1234567890
2024-04-17T15:06:24.573+05:30  INFO 82759 --- [gbs-auth] [org.springframework.amqp.rabbit.RabbitListenerEndpointContainer#0-1] c.gbs.auth.listener.user.UserListener    : Received message: 1234567890
2024-04-17T15:06:24.577+05:30  INFO 82650 --- [gbs-auth] [org.springframework.amqp.rabbit.RabbitListenerEndpointContainer#0-1] c.gbs.auth.listener.user.UserListener    : Received message: 1234567890
2024-04-17T15:06:24.643+05:30  INFO 82537 --- [gbs-auth] [org.springframework.amqp.rabbit.RabbitListenerEndpointContainer#0-1] c.gbs.auth.listener.user.UserListener    : Received message: 1234567890
2024-04-17T15:06:24.678+05:30  INFO 82759 --- [gbs-auth] [org.springframework.amqp.rabbit.RabbitListenerEndpointContainer#0-1] c.gbs.auth.listener.user.UserListener    : Received message: 1234567890
2024-04-17T15:06:24.681+05:30  INFO 82650 --- [gbs-auth] [org.springframework.amqp.rabbit.RabbitListenerEndpointContainer#0-1] c.gbs.auth.listener.user.UserListener    : Received message: 1234567890
2024-04-17T15:06:24.749+05:30  INFO 82537 --- [gbs-auth] [org.springframework.amqp.rabbit.RabbitListenerEndpointContainer#0-1] c.gbs.auth.listener.user.UserListener    : Received message: 1234567890
2024-04-17T15:06:24.790+05:30  INFO 82759 --- [gbs-auth] [org.springframework.amqp.rabbit.RabbitListenerEndpointContainer#0-1] c.gbs.auth.listener.user.UserListener    : Received message: 1234567890
2024-04-17T15:06:24.794+05:30  INFO 82650 --- [gbs-auth] [org.springframework.amqp.rabbit.RabbitListenerEndpointContainer#0-1] c.gbs.auth.listener.user.UserListener    : Received message: 1234567890
2024-04-17T15:06:24.843+05:30  INFO 82537 --- [gbs-auth] [org.springframework.amqp.rabbit.RabbitListenerEndpointContainer#0-1] c.gbs.auth.listener.user.UserListener    : Received message: 1234567890
2024-04-17T15:06:24.885+05:30  INFO 82759 --- [gbs-auth] [org.springframework.amqp.rabbit.RabbitListenerEndpointContainer#0-1] c.gbs.auth.listener.user.UserListener    : Received message: 1234567890
2024-04-17T15:06:24.912+05:30  INFO 82650 --- [gbs-auth] [org.springframework.amqp.rabbit.RabbitListenerEndpointContainer#0-1] c.gbs.auth.listener.user.UserListener    : Received message: 1234567890
2024-04-17T15:06:24.949+05:30  INFO 82537 --- [gbs-auth] [org.springframework.amqp.rabbit.RabbitListenerEndpointContainer#0-1] c.gbs.auth.listener.user.UserListener    : Received message: 1234567890
2024-04-17T15:06:25.000+05:30  INFO 82759 --- [gbs-auth] [org.springframework.amqp.rabbit.RabbitListenerEndpointContainer#0-1] c.gbs.auth.listener.user.UserListener    : Received message: 1234567890
2024-04-17T15:06:25.010+05:30  INFO 82650 --- [gbs-auth] [org.springframework.amqp.rabbit.RabbitListenerEndpointContainer#0-1] c.gbs.auth.listener.user.UserListener    : Received message: 1234567890
2024-04-17T15:06:25.048+05:30  INFO 82537 --- [gbs-auth] [org.springframework.amqp.rabbit.RabbitListenerEndpointContainer#0-1] c.gbs.auth.listener.user.UserListener    : Received message: 1234567890
2024-04-17T15:06:25.108+05:30  INFO 82759 --- [gbs-auth] [org.springframework.amqp.rabbit.RabbitListenerEndpointContainer#0-1] c.gbs.auth.listener.user.UserListener    : Received message: 1234567890
2024-04-17T15:06:25.116+05:30  INFO 82650 --- [gbs-auth] [org.springframework.amqp.rabbit.RabbitListenerEndpointContainer#0-1] c.gbs.auth.listener.user.UserListener    : Received message: 1234567890
2024-04-17T15:06:25.166+05:30  INFO 82537 --- [gbs-auth] [org.springframework.amqp.rabbit.RabbitListenerEndpointContainer#0-1] c.gbs.auth.listener.user.UserListener    : Received message: 1234567890
2024-04-17T15:06:25.207+05:30  INFO 82759 --- [gbs-auth] [org.springframework.amqp.rabbit.RabbitListenerEndpointContainer#0-1] c.gbs.auth.listener.user.UserListener    : Received message: 1234567890
2024-04-17T15:06:25.216+05:30  INFO 82650 --- [gbs-auth] [org.springframework.amqp.rabbit.RabbitListenerEndpointContainer#0-1] c.gbs.auth.listener.user.UserListener    : Received message: 1234567890
2024-04-17T15:06:25.260+05:30  INFO 82537 --- [gbs-auth] [org.springframework.amqp.rabbit.RabbitListenerEndpointContainer#0-1] c.gbs.auth.listener.user.UserListener    : Received message: 1234567890
2024-04-17T15:06:25.298+05:30  INFO 82759 --- [gbs-auth] [org.springframework.amqp.rabbit.RabbitListenerEndpointContainer#0-1] c.gbs.auth.listener.user.UserListener    : Received message: 1234567890
2024-04-17T15:06:25.313+05:30  INFO 82650 --- [gbs-auth] [org.springframework.amqp.rabbit.RabbitListenerEndpointContainer#0-1] c.gbs.auth.listener.user.UserListener    : Received message: 1234567890
2024-04-17T15:06:25.356+05:30  INFO 82537 --- [gbs-auth] [org.springframework.amqp.rabbit.RabbitListenerEndpointContainer#0-1] c.gbs.auth.listener.user.UserListener    : Received message: 1234567890
2024-04-17T15:06:25.409+05:30  INFO 82759 --- [gbs-auth] [org.springframework.amqp.rabbit.RabbitListenerEndpointContainer#0-1] c.gbs.auth.listener.user.UserListener    : Received message: 1234567890
2024-04-17T15:06:25.426+05:30  INFO 82650 --- [gbs-auth] [org.springframework.amqp.rabbit.RabbitListenerEndpointContainer#0-1] c.gbs.auth.listener.user.UserListener    : Received message: 1234567890
2024-04-17T15:06:25.449+05:30  INFO 82537 --- [gbs-auth] [org.springframework.amqp.rabbit.RabbitListenerEndpointContainer#0-1] c.gbs.auth.listener.user.UserListener    : Received message: 1234567890
2024-04-17T15:06:25.524+05:30  INFO 82759 --- [gbs-auth] [org.springframework.amqp.rabbit.RabbitListenerEndpointContainer#0-1] c.gbs.auth.listener.user.UserListener    : Received message: 1234567890
2024-04-17T15:06:25.541+05:30  INFO 82650 --- [gbs-auth] [org.springframework.amqp.rabbit.RabbitListenerEndpointContainer#0-1] c.gbs.auth.listener.user.UserListener    : Received message: 1234567890
2024-04-17T15:06:25.550+05:30  INFO 82537 --- [gbs-auth] [org.springframework.amqp.rabbit.RabbitListenerEndpointContainer#0-1] c.gbs.auth.listener.user.UserListener    : Received message: 1234567890
2024-04-17T15:06:25.645+05:30  INFO 82650 --- [gbs-auth] [org.springframework.amqp.rabbit.RabbitListenerEndpointContainer#0-1] c.gbs.auth.listener.user.UserListener    : Received message: 1234567890
2024-04-17T15:06:25.650+05:30  INFO 82759 --- [gbs-auth] [org.springframework.amqp.rabbit.RabbitListenerEndpointContainer#0-1] c.gbs.auth.listener.user.UserListener    : Received message: 1234567890
2024-04-17T15:06:25.662+05:30  INFO 82537 --- [gbs-auth] [org.springframework.amqp.rabbit.RabbitListenerEndpointContainer#0-1] c.gbs.auth.listener.user.UserListener    : Received message: 1234567890
2024-04-17T15:06:25.741+05:30  INFO 82650 --- [gbs-auth] [org.springframework.amqp.rabbit.RabbitListenerEndpointContainer#0-1] c.gbs.auth.listener.user.UserListener    : Received message: 1234567890
2024-04-17T15:06:25.750+05:30  INFO 82759 --- [gbs-auth] [org.springframework.amqp.rabbit.RabbitListenerEndpointContainer#0-1] c.gbs.auth.listener.user.UserListener    : Received message: 1234567890
2024-04-17T15:06:25.762+05:30  INFO 82537 --- [gbs-auth] [org.springframework.amqp.rabbit.RabbitListenerEndpointContainer#0-1] c.gbs.auth.listener.user.UserListener    : Received message: 1234567890
2024-04-17T15:06:25.845+05:30  INFO 82759 --- [gbs-auth] [org.springframework.amqp.rabbit.RabbitListenerEndpointContainer#0-1] c.gbs.auth.listener.user.UserListener    : Received message: 1234567890
2024-04-17T15:06:25.861+05:30  INFO 82650 --- [gbs-auth] [org.springframework.amqp.rabbit.RabbitListenerEndpointContainer#0-1] c.gbs.auth.listener.user.UserListener    : Received message: 1234567890
2024-04-17T15:06:25.880+05:30  INFO 82537 --- [gbs-auth] [org.springframework.amqp.rabbit.RabbitListenerEndpointContainer#0-1] c.gbs.auth.listener.user.UserListener    : Received message: 1234567890
2024-04-17T15:06:25.942+05:30  INFO 82759 --- [gbs-auth] [org.springframework.amqp.rabbit.RabbitListenerEndpointContainer#0-1] c.gbs.auth.listener.user.UserListener    : Received message: 1234567890
2024-04-17T15:06:25.977+05:30  INFO 82650 --- [gbs-auth] [org.springframework.amqp.rabbit.RabbitListenerEndpointContainer#0-1] c.gbs.auth.listener.user.UserListener    : Received message: 1234567890
2024-04-17T15:06:26.002+05:30  INFO 82537 --- [gbs-auth] [org.springframework.amqp.rabbit.RabbitListenerEndpointContainer#0-1] c.gbs.auth.listener.user.UserListener    : Received message: 1234567890
2024-04-17T15:06:26.050+05:30  INFO 82759 --- [gbs-auth] [org.springframework.amqp.rabbit.RabbitListenerEndpointContainer#0-1] c.gbs.auth.listener.user.UserListener    : Received message: 1234567890
2024-04-17T15:06:26.079+05:30  INFO 82650 --- [gbs-auth] [org.springframework.amqp.rabbit.RabbitListenerEndpointContainer#0-1] c.gbs.auth.listener.user.UserListener    : Received message: 1234567890
2024-04-17T15:06:26.117+05:30  INFO 82537 --- [gbs-auth] [org.springframework.amqp.rabbit.RabbitListenerEndpointContainer#0-1] c.gbs.auth.listener.user.UserListener    : Received message: 1234567890
2024-04-17T15:06:26.163+05:30  INFO 82759 --- [gbs-auth] [org.springframework.amqp.rabbit.RabbitListenerEndpointContainer#0-1] c.gbs.auth.listener.user.UserListener    : Received message: 1234567890
2024-04-17T15:06:26.178+05:30  INFO 82650 --- [gbs-auth] [org.springframework.amqp.rabbit.RabbitListenerEndpointContainer#0-1] c.gbs.auth.listener.user.UserListener    : Received message: 1234567890
2024-04-17T15:06:26.230+05:30  INFO 82537 --- [gbs-auth] [org.springframework.amqp.rabbit.RabbitListenerEndpointContainer#0-1] c.gbs.auth.listener.user.UserListener    : Received message: 1234567890
2024-04-17T15:06:26.271+05:30  INFO 82759 --- [gbs-auth] [org.springframework.amqp.rabbit.RabbitListenerEndpointContainer#0-1] c.gbs.auth.listener.user.UserListener    : Received message: 1234567890
2024-04-17T15:06:26.275+05:30  INFO 82650 --- [gbs-auth] [org.springframework.amqp.rabbit.RabbitListenerEndpointContainer#0-1] c.gbs.auth.listener.user.UserListener    : Received message: 1234567890
2024-04-17T15:06:26.322+05:30  INFO 82537 --- [gbs-auth] [org.springframework.amqp.rabbit.RabbitListenerEndpointContainer#0-1] c.gbs.auth.listener.user.UserListener    : Received message: 1234567890
2024-04-17T15:06:26.375+05:30  INFO 82759 --- [gbs-auth] [org.springframework.amqp.rabbit.RabbitListenerEndpointContainer#0-1] c.gbs.auth.listener.user.UserListener    : Received message: 1234567890
2024-04-17T15:06:26.380+05:30  INFO 82650 --- [gbs-auth] [org.springframework.amqp.rabbit.RabbitListenerEndpointContainer#0-1] c.gbs.auth.listener.user.UserListener    : Received message: 1234567890
2024-04-17T15:06:26.432+05:30  INFO 82537 --- [gbs-auth] [org.springframework.amqp.rabbit.RabbitListenerEndpointContainer#0-1] c.gbs.auth.listener.user.UserListener    : Received message: 1234567890
2024-04-17T15:06:26.472+05:30  INFO 82759 --- [gbs-auth] [org.springframework.amqp.rabbit.RabbitListenerEndpointContainer#0-1] c.gbs.auth.listener.user.UserListener    : Received message: 1234567890
2024-04-17T15:06:26.494+05:30  INFO 82650 --- [gbs-auth] [org.springframework.amqp.rabbit.RabbitListenerEndpointContainer#0-1] c.gbs.auth.listener.user.UserListener    : Received message: 1234567890
2024-04-17T15:06:26.530+05:30  INFO 82537 --- [gbs-auth] [org.springframework.amqp.rabbit.RabbitListenerEndpointContainer#0-1] c.gbs.auth.listener.user.UserListener    : Received message: 1234567890
2024-04-17T15:06:26.569+05:30  INFO 82759 --- [gbs-auth] [org.springframework.amqp.rabbit.RabbitListenerEndpointContainer#0-1] c.gbs.auth.listener.user.UserListener    : Received message: 1234567890
2024-04-17T15:06:26.606+05:30  INFO 82650 --- [gbs-auth] [org.springframework.amqp.rabbit.RabbitListenerEndpointContainer#0-1] c.gbs.auth.listener.user.UserListener    : Received message: 1234567890
2024-04-17T15:06:26.630+05:30  INFO 82537 --- [gbs-auth] [org.springframework.amqp.rabbit.RabbitListenerEndpointContainer#0-1] c.gbs.auth.listener.user.UserListener    : Received message: 1234567890
2024-04-17T15:06:26.669+05:30  INFO 82759 --- [gbs-auth] [org.springframework.amqp.rabbit.RabbitListenerEndpointContainer#0-1] c.gbs.auth.listener.user.UserListener    : Received message: 1234567890
2024-04-17T15:06:26.706+05:30  INFO 82650 --- [gbs-auth] [org.springframework.amqp.rabbit.RabbitListenerEndpointContainer#0-1] c.gbs.auth.listener.user.UserListener    : Received message: 1234567890
2024-04-17T15:06:26.727+05:30  INFO 82537 --- [gbs-auth] [org.springframework.amqp.rabbit.RabbitListenerEndpointContainer#0-1] c.gbs.auth.listener.user.UserListener    : Received message: 1234567890
2024-04-17T15:06:26.761+05:30  INFO 82759 --- [gbs-auth] [org.springframework.amqp.rabbit.RabbitListenerEndpointContainer#0-1] c.gbs.auth.listener.user.UserListener    : Received message: 1234567890
2024-04-17T15:06:26.811+05:30  INFO 82650 --- [gbs-auth] [org.springframework.amqp.rabbit.RabbitListenerEndpointContainer#0-1] c.gbs.auth.listener.user.UserListener    : Received message: 1234567890
2024-04-17T15:06:26.823+05:30  INFO 82537 --- [gbs-auth] [org.springframework.amqp.rabbit.RabbitListenerEndpointContainer#0-1] c.gbs.auth.listener.user.UserListener    : Received message: 1234567890
2024-04-17T15:06:26.858+05:30  INFO 82759 --- [gbs-auth] [org.springframework.amqp.rabbit.RabbitListenerEndpointContainer#0-1] c.gbs.auth.listener.user.UserListener    : Received message: 1234567890
2024-04-17T15:06:26.925+05:30  INFO 82537 --- [gbs-auth] [org.springframework.amqp.rabbit.RabbitListenerEndpointContainer#0-1] c.gbs.auth.listener.user.UserListener    : Received message: 1234567890
2024-04-17T15:06:26.932+05:30  INFO 82650 --- [gbs-auth] [org.springframework.amqp.rabbit.RabbitListenerEndpointContainer#0-1] c.gbs.auth.listener.user.UserListener    : Received message: 1234567890
2024-04-17T15:06:26.961+05:30  INFO 82759 --- [gbs-auth] [org.springframework.amqp.rabbit.RabbitListenerEndpointContainer#0-1] c.gbs.auth.listener.user.UserListener    : Received message: 1234567890
2024-04-17T15:06:27.022+05:30  INFO 82537 --- [gbs-auth] [org.springframework.amqp.rabbit.RabbitListenerEndpointContainer#0-1] c.gbs.auth.listener.user.UserListener    : Received message: 1234567890
2024-04-17T15:06:27.046+05:30  INFO 82650 --- [gbs-auth] [org.springframework.amqp.rabbit.RabbitListenerEndpointContainer#0-1] c.gbs.auth.listener.user.UserListener    : Received message: 1234567890
2024-04-17T15:06:27.075+05:30  INFO 82759 --- [gbs-auth] [org.springframework.amqp.rabbit.RabbitListenerEndpointContainer#0-1] c.gbs.auth.listener.user.UserListener    : Received message: 1234567890
2024-04-17T15:06:27.120+05:30  INFO 82537 --- [gbs-auth] [org.springframework.amqp.rabbit.RabbitListenerEndpointContainer#0-1] c.gbs.auth.listener.user.UserListener    : Received message: 1234567890
2024-04-17T15:06:27.151+05:30  INFO 82650 --- [gbs-auth] [org.springframework.amqp.rabbit.RabbitListenerEndpointContainer#0-1] c.gbs.auth.listener.user.UserListener    : Received message: 1234567890
2024-04-17T15:06:27.172+05:30  INFO 82759 --- [gbs-auth] [org.springframework.amqp.rabbit.RabbitListenerEndpointContainer#0-1] c.gbs.auth.listener.user.UserListener    : Received message: 1234567890
2024-04-17T15:06:27.220+05:30  INFO 82537 --- [gbs-auth] [org.springframework.amqp.rabbit.RabbitListenerEndpointContainer#0-1] c.gbs.auth.listener.user.UserListener    : Received message: 1234567890
2024-04-17T15:06:27.264+05:30  INFO 82650 --- [gbs-auth] [org.springframework.amqp.rabbit.RabbitListenerEndpointContainer#0-1] c.gbs.auth.listener.user.UserListener    : Received message: 1234567890
2024-04-17T15:06:27.277+05:30  INFO 82759 --- [gbs-auth] [org.springframework.amqp.rabbit.RabbitListenerEndpointContainer#0-1] c.gbs.auth.listener.user.UserListener    : Received message: 1234567890
2024-04-17T15:06:27.321+05:30  INFO 82537 --- [gbs-auth] [org.springframework.amqp.rabbit.RabbitListenerEndpointContainer#0-1] c.gbs.auth.listener.user.UserListener    : Received message: 1234567890
2024-04-17T15:06:27.378+05:30  INFO 82759 --- [gbs-auth] [org.springframework.amqp.rabbit.RabbitListenerEndpointContainer#0-1] c.gbs.auth.listener.user.UserListener    : Received message: 1234567890
2024-04-17T15:06:27.385+05:30  INFO 82650 --- [gbs-auth] [org.springframework.amqp.rabbit.RabbitListenerEndpointContainer#0-1] c.gbs.auth.listener.user.UserListener    : Received message: 1234567890
2024-04-17T15:06:27.420+05:30  INFO 82537 --- [gbs-auth] [org.springframework.amqp.rabbit.RabbitListenerEndpointContainer#0-1] c.gbs.auth.listener.user.UserListener    : Received message: 1234567890
2024-04-17T15:06:27.481+05:30  INFO 82759 --- [gbs-auth] [org.springframework.amqp.rabbit.RabbitListenerEndpointContainer#0-1] c.gbs.auth.listener.user.UserListener    : Received message: 1234567890
2024-04-17T15:06:27.486+05:30  INFO 82650 --- [gbs-auth] [org.springframework.amqp.rabbit.RabbitListenerEndpointContainer#0-1] c.gbs.auth.listener.user.UserListener    : Received message: 1234567890
2024-04-17T15:06:27.524+05:30  INFO 82537 --- [gbs-auth] [org.springframework.amqp.rabbit.RabbitListenerEndpointContainer#0-1] c.gbs.auth.listener.user.UserListener    : Received message: 1234567890
2024-04-17T15:06:27.598+05:30  INFO 82759 --- [gbs-auth] [org.springframework.amqp.rabbit.RabbitListenerEndpointContainer#0-1] c.gbs.auth.listener.user.UserListener    : Received message: 1234567890
2024-04-17T15:06:27.601+05:30  INFO 82650 --- [gbs-auth] [org.springframework.amqp.rabbit.RabbitListenerEndpointContainer#0-1] c.gbs.auth.listener.user.UserListener    : Received message: 1234567890
2024-04-17T15:06:27.649+05:30  INFO 82537 --- [gbs-auth] [org.springframework.amqp.rabbit.RabbitListenerEndpointContainer#0-1] c.gbs.auth.listener.user.UserListener    : Received message: 1234567890
2024-04-17T15:06:27.703+05:30  INFO 82759 --- [gbs-auth] [org.springframework.amqp.rabbit.RabbitListenerEndpointContainer#0-1] c.gbs.auth.listener.user.UserListener    : Received message: 1234567890
2024-04-17T15:06:27.715+05:30  INFO 82650 --- [gbs-auth] [org.springframework.amqp.rabbit.RabbitListenerEndpointContainer#0-1] c.gbs.auth.listener.user.UserListener    : Received message: 1234567890
2024-04-17T15:06:27.751+05:30  INFO 82537 --- [gbs-auth] [org.springframework.amqp.rabbit.RabbitListenerEndpointContainer#0-1] c.gbs.auth.listener.user.UserListener    : Received message: 1234567890
2024-04-17T15:06:27.799+05:30  INFO 82759 --- [gbs-auth] [org.springframework.amqp.rabbit.RabbitListenerEndpointContainer#0-1] c.gbs.auth.listener.user.UserListener    : Received message: 1234567890
2024-04-17T15:06:27.812+05:30  INFO 82650 --- [gbs-auth] [org.springframework.amqp.rabbit.RabbitListenerEndpointContainer#0-1] c.gbs.auth.listener.user.UserListener    : Received message: 1234567890
2024-04-17T15:06:27.863+05:30  INFO 82537 --- [gbs-auth] [org.springframework.amqp.rabbit.RabbitListenerEndpointContainer#0-1] c.gbs.auth.listener.user.UserListener    : Received message: 1234567890
2024-04-17T15:06:27.900+05:30  INFO 82759 --- [gbs-auth] [org.springframework.amqp.rabbit.RabbitListenerEndpointContainer#0-1] c.gbs.auth.listener.user.UserListener    : Received message: 1234567890
2024-04-17T15:06:27.908+05:30  INFO 82650 --- [gbs-auth] [org.springframework.amqp.rabbit.RabbitListenerEndpointContainer#0-1] c.gbs.auth.listener.user.UserListener    : Received message: 1234567890
2024-04-17T15:06:27.967+05:30  INFO 82537 --- [gbs-auth] [org.springframework.amqp.rabbit.RabbitListenerEndpointContainer#0-1] c.gbs.auth.listener.user.UserListener    : Received message: 1234567890
2024-04-17T15:06:28.010+05:30  INFO 82759 --- [gbs-auth] [org.springframework.amqp.rabbit.RabbitListenerEndpointContainer#0-1] c.gbs.auth.listener.user.UserListener    : Received message: 1234567890
2024-04-17T15:06:28.023+05:30  INFO 82650 --- [gbs-auth] [org.springframework.amqp.rabbit.RabbitListenerEndpointContainer#0-1] c.gbs.auth.listener.user.UserListener    : Received message: 1234567890
2024-04-17T15:06:28.079+05:30  INFO 82537 --- [gbs-auth] [org.springframework.amqp.rabbit.RabbitListenerEndpointContainer#0-1] c.gbs.auth.listener.user.UserListener    : Received message: 1234567890
2024-04-17T15:06:28.121+05:30  INFO 82759 --- [gbs-auth] [org.springframework.amqp.rabbit.RabbitListenerEndpointContainer#0-1] c.gbs.auth.listener.user.UserListener    : Received message: 1234567890
2024-04-17T15:06:28.138+05:30  INFO 82650 --- [gbs-auth] [org.springframework.amqp.rabbit.RabbitListenerEndpointContainer#0-1] c.gbs.auth.listener.user.UserListener    : Received message: 1234567890
2024-04-17T15:06:28.181+05:30  INFO 82537 --- [gbs-auth] [org.springframework.amqp.rabbit.RabbitListenerEndpointContainer#0-1] c.gbs.auth.listener.user.UserListener    : Received message: 1234567890
2024-04-17T15:06:28.217+05:30  INFO 82759 --- [gbs-auth] [org.springframework.amqp.rabbit.RabbitListenerEndpointContainer#0-1] c.gbs.auth.listener.user.UserListener    : Received message: 1234567890
2024-04-17T15:06:28.234+05:30  INFO 82650 --- [gbs-auth] [org.springframework.amqp.rabbit.RabbitListenerEndpointContainer#0-1] c.gbs.auth.listener.user.UserListener    : Received message: 1234567890
2024-04-17T15:06:28.282+05:30  INFO 82537 --- [gbs-auth] [org.springframework.amqp.rabbit.RabbitListenerEndpointContainer#0-1] c.gbs.auth.listener.user.UserListener    : Received message: 1234567890
2024-04-17T15:06:28.313+05:30  INFO 82759 --- [gbs-auth] [org.springframework.amqp.rabbit.RabbitListenerEndpointContainer#0-1] c.gbs.auth.listener.user.UserListener    : Received message: 1234567890
2024-04-17T15:06:28.330+05:30  INFO 82650 --- [gbs-auth] [org.springframework.amqp.rabbit.RabbitListenerEndpointContainer#0-1] c.gbs.auth.listener.user.UserListener    : Received message: 1234567890
2024-04-17T15:06:28.389+05:30  INFO 82537 --- [gbs-auth] [org.springframework.amqp.rabbit.RabbitListenerEndpointContainer#0-1] c.gbs.auth.listener.user.UserListener    : Received message: 1234567890
2024-04-17T15:06:28.428+05:30  INFO 82759 --- [gbs-auth] [org.springframework.amqp.rabbit.RabbitListenerEndpointContainer#0-1] c.gbs.auth.listener.user.UserListener    : Received message: 1234567890
2024-04-17T15:06:28.445+05:30  INFO 82650 --- [gbs-auth] [org.springframework.amqp.rabbit.RabbitListenerEndpointContainer#0-1] c.gbs.auth.listener.user.UserListener    : Received message: 1234567890
2024-04-17T15:06:28.494+05:30  INFO 82537 --- [gbs-auth] [org.springframework.amqp.rabbit.RabbitListenerEndpointContainer#0-1] c.gbs.auth.listener.user.UserListener    : Received message: 1234567890
2024-04-17T15:06:28.533+05:30  INFO 82759 --- [gbs-auth] [org.springframework.amqp.rabbit.RabbitListenerEndpointContainer#0-1] c.gbs.auth.listener.user.UserListener    : Received message: 1234567890
2024-04-17T15:06:28.563+05:30  INFO 82650 --- [gbs-auth] [org.springframework.amqp.rabbit.RabbitListenerEndpointContainer#0-1] c.gbs.auth.listener.user.UserListener    : Received message: 1234567890
2024-04-17T15:06:28.603+05:30  INFO 82537 --- [gbs-auth] [org.springframework.amqp.rabbit.RabbitListenerEndpointContainer#0-1] c.gbs.auth.listener.user.UserListener    : Received message: 1234567890
2024-04-17T15:06:28.633+05:30  INFO 82759 --- [gbs-auth] [org.springframework.amqp.rabbit.RabbitListenerEndpointContainer#0-1] c.gbs.auth.listener.user.UserListener    : Received message: 1234567890
2024-04-17T15:06:28.674+05:30  INFO 82650 --- [gbs-auth] [org.springframework.amqp.rabbit.RabbitListenerEndpointContainer#0-1] c.gbs.auth.listener.user.UserListener    : Received message: 1234567890
2024-04-17T15:06:28.696+05:30  INFO 82537 --- [gbs-auth] [org.springframework.amqp.rabbit.RabbitListenerEndpointContainer#0-1] c.gbs.auth.listener.user.UserListener    : Received message: 1234567890
2024-04-17T15:06:28.726+05:30  INFO 82759 --- [gbs-auth] [org.springframework.amqp.rabbit.RabbitListenerEndpointContainer#0-1] c.gbs.auth.listener.user.UserListener    : Received message: 1234567890
2024-04-17T15:06:28.787+05:30  INFO 82650 --- [gbs-auth] [org.springframework.amqp.rabbit.RabbitListenerEndpointContainer#0-1] c.gbs.auth.listener.user.UserListener    : Received message: 1234567890
2024-04-17T15:06:28.797+05:30  INFO 82537 --- [gbs-auth] [org.springframework.amqp.rabbit.RabbitListenerEndpointContainer#0-1] c.gbs.auth.listener.user.UserListener    : Received message: 1234567890
2024-04-17T15:06:28.829+05:30  INFO 82759 --- [gbs-auth] [org.springframework.amqp.rabbit.RabbitListenerEndpointContainer#0-1] c.gbs.auth.listener.user.UserListener    : Received message: 1234567890
2024-04-17T15:06:28.886+05:30  INFO 82650 --- [gbs-auth] [org.springframework.amqp.rabbit.RabbitListenerEndpointContainer#0-1] c.gbs.auth.listener.user.UserListener    : Received message: 1234567890
2024-04-17T15:06:28.913+05:30  INFO 82537 --- [gbs-auth] [org.springframework.amqp.rabbit.RabbitListenerEndpointContainer#0-1] c.gbs.auth.listener.user.UserListener    : Received message: 1234567890
2024-04-17T15:06:28.942+05:30  INFO 82759 --- [gbs-auth] [org.springframework.amqp.rabbit.RabbitListenerEndpointContainer#0-1] c.gbs.auth.listener.user.UserListener    : Received message: 1234567890
2024-04-17T15:06:28.990+05:30  INFO 82650 --- [gbs-auth] [org.springframework.amqp.rabbit.RabbitListenerEndpointContainer#0-1] c.gbs.auth.listener.user.UserListener    : Received message: 1234567890
2024-04-17T15:06:29.017+05:30  INFO 82537 --- [gbs-auth] [org.springframework.amqp.rabbit.RabbitListenerEndpointContainer#0-1] c.gbs.auth.listener.user.UserListener    : Received message: 1234567890
2024-04-17T15:06:29.057+05:30  INFO 82759 --- [gbs-auth] [org.springframework.amqp.rabbit.RabbitListenerEndpointContainer#0-1] c.gbs.auth.listener.user.UserListener    : Received message: 1234567890
2024-04-17T15:06:29.092+05:30  INFO 82650 --- [gbs-auth] [org.springframework.amqp.rabbit.RabbitListenerEndpointContainer#0-1] c.gbs.auth.listener.user.UserListener    : Received message: 1234567890
2024-04-17T15:06:29.106+05:30  INFO 82537 --- [gbs-auth] [org.springframework.amqp.rabbit.RabbitListenerEndpointContainer#0-1] c.gbs.auth.listener.user.UserListener    : Received message: 1234567890
2024-04-17T15:06:29.148+05:30  INFO 82759 --- [gbs-auth] [org.springframework.amqp.rabbit.RabbitListenerEndpointContainer#0-1] c.gbs.auth.listener.user.UserListener    : Received message: 1234567890
2024-04-17T15:06:29.186+05:30  INFO 82650 --- [gbs-auth] [org.springframework.amqp.rabbit.RabbitListenerEndpointContainer#0-1] c.gbs.auth.listener.user.UserListener    : Received message: 1234567890
2024-04-17T15:06:29.212+05:30  INFO 82537 --- [gbs-auth] [org.springframework.amqp.rabbit.RabbitListenerEndpointContainer#0-1] c.gbs.auth.listener.user.UserListener    : Received message: 1234567890
2024-04-17T15:06:29.242+05:30  INFO 82759 --- [gbs-auth] [org.springframework.amqp.rabbit.RabbitListenerEndpointContainer#0-1] c.gbs.auth.listener.user.UserListener    : Received message: 1234567890
2024-04-17T15:06:29.278+05:30  INFO 82650 --- [gbs-auth] [org.springframework.amqp.rabbit.RabbitListenerEndpointContainer#0-1] c.gbs.auth.listener.user.UserListener    : Received message: 1234567890
2024-04-17T15:06:29.322+05:30  INFO 82537 --- [gbs-auth] [org.springframework.amqp.rabbit.RabbitListenerEndpointContainer#0-1] c.gbs.auth.listener.user.UserListener    : Received message: 1234567890
2024-04-17T15:06:29.335+05:30  INFO 82759 --- [gbs-auth] [org.springframework.amqp.rabbit.RabbitListenerEndpointContainer#0-1] c.gbs.auth.listener.user.UserListener    : Received message: 1234567890
2024-04-17T15:06:29.373+05:30  INFO 82650 --- [gbs-auth] [org.springframework.amqp.rabbit.RabbitListenerEndpointContainer#0-1] c.gbs.auth.listener.user.UserListener    : Received message: 1234567890
2024-04-17T15:06:29.433+05:30  INFO 82759 --- [gbs-auth] [org.springframework.amqp.rabbit.RabbitListenerEndpointContainer#0-1] c.gbs.auth.listener.user.UserListener    : Received message: 1234567890
2024-04-17T15:06:29.433+05:30  INFO 82537 --- [gbs-auth] [org.springframework.amqp.rabbit.RabbitListenerEndpointContainer#0-1] c.gbs.auth.listener.user.UserListener    : Received message: 1234567890
2024-04-17T15:06:29.468+05:30  INFO 82650 --- [gbs-auth] [org.springframework.amqp.rabbit.RabbitListenerEndpointContainer#0-1] c.gbs.auth.listener.user.UserListener    : Received message: 1234567890
2024-04-17T15:06:29.544+05:30  INFO 82759 --- [gbs-auth] [org.springframework.amqp.rabbit.RabbitListenerEndpointContainer#0-1] c.gbs.auth.listener.user.UserListener    : Received message: 1234567890
2024-04-17T15:06:29.547+05:30  INFO 82537 --- [gbs-auth] [org.springframework.amqp.rabbit.RabbitListenerEndpointContainer#0-1] c.gbs.auth.listener.user.UserListener    : Received message: 1234567890
2024-04-17T15:06:29.560+05:30  INFO 82650 --- [gbs-auth] [org.springframework.amqp.rabbit.RabbitListenerEndpointContainer#0-1] c.gbs.auth.listener.user.UserListener    : Received message: 1234567890
2024-04-17T15:06:29.638+05:30  INFO 82759 --- [gbs-auth] [org.springframework.amqp.rabbit.RabbitListenerEndpointContainer#0-1] c.gbs.auth.listener.user.UserListener    : Received message: 1234567890
2024-04-17T15:06:29.644+05:30  INFO 82537 --- [gbs-auth] [org.springframework.amqp.rabbit.RabbitListenerEndpointContainer#0-1] c.gbs.auth.listener.user.UserListener    : Received message: 1234567890
2024-04-17T15:06:29.672+05:30  INFO 82650 --- [gbs-auth] [org.springframework.amqp.rabbit.RabbitListenerEndpointContainer#0-1] c.gbs.auth.listener.user.UserListener    : Received message: 1234567890
2024-04-17T15:06:29.750+05:30  INFO 82537 --- [gbs-auth] [org.springframework.amqp.rabbit.RabbitListenerEndpointContainer#0-1] c.gbs.auth.listener.user.UserListener    : Received message: 1234567890
2024-04-17T15:06:29.751+05:30  INFO 82759 --- [gbs-auth] [org.springframework.amqp.rabbit.RabbitListenerEndpointContainer#0-1] c.gbs.auth.listener.user.UserListener    : Received message: 1234567890
2024-04-17T15:06:29.769+05:30  INFO 82650 --- [gbs-auth] [org.springframework.amqp.rabbit.RabbitListenerEndpointContainer#0-1] c.gbs.auth.listener.user.UserListener    : Received message: 1234567890
2024-04-17T15:06:29.857+05:30  INFO 82537 --- [gbs-auth] [org.springframework.amqp.rabbit.RabbitListenerEndpointContainer#0-1] c.gbs.auth.listener.user.UserListener    : Received message: 1234567890
2024-04-17T15:06:29.874+05:30  INFO 82759 --- [gbs-auth] [org.springframework.amqp.rabbit.RabbitListenerEndpointContainer#0-1] c.gbs.auth.listener.user.UserListener    : Received message: 1234567890
2024-04-17T15:06:29.890+05:30  INFO 82650 --- [gbs-auth] [org.springframework.amqp.rabbit.RabbitListenerEndpointContainer#0-1] c.gbs.auth.listener.user.UserListener    : Received message: 1234567890
2024-04-17T15:06:29.955+05:30  INFO 82537 --- [gbs-auth] [org.springframework.amqp.rabbit.RabbitListenerEndpointContainer#0-1] c.gbs.auth.listener.user.UserListener    : Received message: 1234567890
2024-04-17T15:06:29.974+05:30  INFO 82759 --- [gbs-auth] [org.springframework.amqp.rabbit.RabbitListenerEndpointContainer#0-1] c.gbs.auth.listener.user.UserListener    : Received message: 1234567890
2024-04-17T15:06:30.001+05:30  INFO 82650 --- [gbs-auth] [org.springframework.amqp.rabbit.RabbitListenerEndpointContainer#0-1] c.gbs.auth.listener.user.UserListener    : Received message: 1234567890
2024-04-17T15:06:30.048+05:30  INFO 82537 --- [gbs-auth] [org.springframework.amqp.rabbit.RabbitListenerEndpointContainer#0-1] c.gbs.auth.listener.user.UserListener    : Received message: 1234567890
2024-04-17T15:06:30.084+05:30  INFO 82759 --- [gbs-auth] [org.springframework.amqp.rabbit.RabbitListenerEndpointContainer#0-1] c.gbs.auth.listener.user.UserListener    : Received message: 1234567890
2024-04-17T15:06:30.119+05:30  INFO 82650 --- [gbs-auth] [org.springframework.amqp.rabbit.RabbitListenerEndpointContainer#0-1] c.gbs.auth.listener.user.UserListener    : Received message: 1234567890
2024-04-17T15:06:30.153+05:30  INFO 82537 --- [gbs-auth] [org.springframework.amqp.rabbit.RabbitListenerEndpointContainer#0-1] c.gbs.auth.listener.user.UserListener    : Received message: 1234567890
2024-04-17T15:06:30.201+05:30  INFO 82759 --- [gbs-auth] [org.springframework.amqp.rabbit.RabbitListenerEndpointContainer#0-1] c.gbs.auth.listener.user.UserListener    : Received message: 1234567890
2024-04-17T15:06:30.221+05:30  INFO 82650 --- [gbs-auth] [org.springframework.amqp.rabbit.RabbitListenerEndpointContainer#0-1] c.gbs.auth.listener.user.UserListener    : Received message: 1234567890
2024-04-17T15:06:30.266+05:30  INFO 82537 --- [gbs-auth] [org.springframework.amqp.rabbit.RabbitListenerEndpointContainer#0-1] c.gbs.auth.listener.user.UserListener    : Received message: 1234567890
2024-04-17T15:06:30.316+05:30  INFO 82759 --- [gbs-auth] [org.springframework.amqp.rabbit.RabbitListenerEndpointContainer#0-1] c.gbs.auth.listener.user.UserListener    : Received message: 1234567890
2024-04-17T15:06:30.344+05:30  INFO 82650 --- [gbs-auth] [org.springframework.amqp.rabbit.RabbitListenerEndpointContainer#0-1] c.gbs.auth.listener.user.UserListener    : Received message: 1234567890
2024-04-17T15:06:30.374+05:30  INFO 82537 --- [gbs-auth] [org.springframework.amqp.rabbit.RabbitListenerEndpointContainer#0-1] c.gbs.auth.listener.user.UserListener    : Received message: 1234567890
2024-04-17T15:06:30.419+05:30  INFO 82759 --- [gbs-auth] [org.springframework.amqp.rabbit.RabbitListenerEndpointContainer#0-1] c.gbs.auth.listener.user.UserListener    : Received message: 1234567890
2024-04-17T15:06:30.455+05:30  INFO 82650 --- [gbs-auth] [org.springframework.amqp.rabbit.RabbitListenerEndpointContainer#0-1] c.gbs.auth.listener.user.UserListener    : Received message: 1234567890
2024-04-17T15:06:30.467+05:30  INFO 82537 --- [gbs-auth] [org.springframework.amqp.rabbit.RabbitListenerEndpointContainer#0-1] c.gbs.auth.listener.user.UserListener    : Received message: 1234567890
2024-04-17T15:06:30.512+05:30  INFO 82759 --- [gbs-auth] [org.springframework.amqp.rabbit.RabbitListenerEndpointContainer#0-1] c.gbs.auth.listener.user.UserListener    : Received message: 1234567890
2024-04-17T15:06:30.563+05:30  INFO 82537 --- [gbs-auth] [org.springframework.amqp.rabbit.RabbitListenerEndpointContainer#0-1] c.gbs.auth.listener.user.UserListener    : Received message: 1234567890
2024-04-17T15:06:30.572+05:30  INFO 82650 --- [gbs-auth] [org.springframework.amqp.rabbit.RabbitListenerEndpointContainer#0-1] c.gbs.auth.listener.user.UserListener    : Received message: 1234567890
2024-04-17T15:06:30.610+05:30  INFO 82759 --- [gbs-auth] [org.springframework.amqp.rabbit.RabbitListenerEndpointContainer#0-1] c.gbs.auth.listener.user.UserListener    : Received message: 1234567890
2024-04-17T15:06:30.658+05:30  INFO 82537 --- [gbs-auth] [org.springframework.amqp.rabbit.RabbitListenerEndpointContainer#0-1] c.gbs.auth.listener.user.UserListener    : Received message: 1234567890
2024-04-17T15:06:30.684+05:30  INFO 82650 --- [gbs-auth] [org.springframework.amqp.rabbit.RabbitListenerEndpointContainer#0-1] c.gbs.auth.listener.user.UserListener    : Received message: 1234567890
2024-04-17T15:06:30.703+05:30  INFO 82759 --- [gbs-auth] [org.springframework.amqp.rabbit.RabbitListenerEndpointContainer#0-1] c.gbs.auth.listener.user.UserListener    : Received message: 1234567890
2024-04-17T15:06:30.755+05:30  INFO 82537 --- [gbs-auth] [org.springframework.amqp.rabbit.RabbitListenerEndpointContainer#0-1] c.gbs.auth.listener.user.UserListener    : Received message: 1234567890
2024-04-17T15:06:30.789+05:30  INFO 82650 --- [gbs-auth] [org.springframework.amqp.rabbit.RabbitListenerEndpointContainer#0-1] c.gbs.auth.listener.user.UserListener    : Received message: 1234567890
2024-04-17T15:06:30.799+05:30  INFO 82759 --- [gbs-auth] [org.springframework.amqp.rabbit.RabbitListenerEndpointContainer#0-1] c.gbs.auth.listener.user.UserListener    : Received message: 1234567890
2024-04-17T15:06:30.852+05:30  INFO 82537 --- [gbs-auth] [org.springframework.amqp.rabbit.RabbitListenerEndpointContainer#0-1] c.gbs.auth.listener.user.UserListener    : Received message: 1234567890
2024-04-17T15:06:30.880+05:30  INFO 82650 --- [gbs-auth] [org.springframework.amqp.rabbit.RabbitListenerEndpointContainer#0-1] c.gbs.auth.listener.user.UserListener    : Received message: 1234567890
2024-04-17T15:06:30.891+05:30  INFO 82759 --- [gbs-auth] [org.springframework.amqp.rabbit.RabbitListenerEndpointContainer#0-1] c.gbs.auth.listener.user.UserListener    : Received message: 1234567890
2024-04-17T15:06:30.945+05:30  INFO 82537 --- [gbs-auth] [org.springframework.amqp.rabbit.RabbitListenerEndpointContainer#0-1] c.gbs.auth.listener.user.UserListener    : Received message: 1234567890
2024-04-17T15:06:30.972+05:30  INFO 82650 --- [gbs-auth] [org.springframework.amqp.rabbit.RabbitListenerEndpointContainer#0-1] c.gbs.auth.listener.user.UserListener    : Received message: 1234567890
2024-04-17T15:06:30.985+05:30  INFO 82759 --- [gbs-auth] [org.springframework.amqp.rabbit.RabbitListenerEndpointContainer#0-1] c.gbs.auth.listener.user.UserListener    : Received message: 1234567890
2024-04-17T15:06:31.044+05:30  INFO 82537 --- [gbs-auth] [org.springframework.amqp.rabbit.RabbitListenerEndpointContainer#0-1] c.gbs.auth.listener.user.UserListener    : Received message: 1234567890
2024-04-17T15:06:31.082+05:30  INFO 82650 --- [gbs-auth] [org.springframework.amqp.rabbit.RabbitListenerEndpointContainer#0-1] c.gbs.auth.listener.user.UserListener    : Received message: 1234567890
2024-04-17T15:06:31.083+05:30  INFO 82759 --- [gbs-auth] [org.springframework.amqp.rabbit.RabbitListenerEndpointContainer#0-1] c.gbs.auth.listener.user.UserListener    : Received message: 1234567890
2024-04-17T15:06:31.143+05:30  INFO 82537 --- [gbs-auth] [org.springframework.amqp.rabbit.RabbitListenerEndpointContainer#0-1] c.gbs.auth.listener.user.UserListener    : Received message: 1234567890
2024-04-17T15:06:31.173+05:30  INFO 82650 --- [gbs-auth] [org.springframework.amqp.rabbit.RabbitListenerEndpointContainer#0-1] c.gbs.auth.listener.user.UserListener    : Received message: 1234567890
2024-04-17T15:06:31.189+05:30  INFO 82759 --- [gbs-auth] [org.springframework.amqp.rabbit.RabbitListenerEndpointContainer#0-1] c.gbs.auth.listener.user.UserListener    : Received message: 1234567890
2024-04-17T15:06:31.234+05:30  INFO 82537 --- [gbs-auth] [org.springframework.amqp.rabbit.RabbitListenerEndpointContainer#0-1] c.gbs.auth.listener.user.UserListener    : Received message: 1234567890
2024-04-17T15:06:31.263+05:30  INFO 82650 --- [gbs-auth] [org.springframework.amqp.rabbit.RabbitListenerEndpointContainer#0-1] c.gbs.auth.listener.user.UserListener    : Received message: 1234567890
2024-04-17T15:06:31.283+05:30  INFO 82759 --- [gbs-auth] [org.springframework.amqp.rabbit.RabbitListenerEndpointContainer#0-1] c.gbs.auth.listener.user.UserListener    : Received message: 1234567890
2024-04-17T15:06:31.335+05:30  INFO 82537 --- [gbs-auth] [org.springframework.amqp.rabbit.RabbitListenerEndpointContainer#0-1] c.gbs.auth.listener.user.UserListener    : Received message: 1234567890
2024-04-17T15:06:31.381+05:30  INFO 82650 --- [gbs-auth] [org.springframework.amqp.rabbit.RabbitListenerEndpointContainer#0-1] c.gbs.auth.listener.user.UserListener    : Received message: 1234567890
2024-04-17T15:06:31.399+05:30  INFO 82759 --- [gbs-auth] [org.springframework.amqp.rabbit.RabbitListenerEndpointContainer#0-1] c.gbs.auth.listener.user.UserListener    : Received message: 1234567890
2024-04-17T15:06:31.445+05:30  INFO 82537 --- [gbs-auth] [org.springframework.amqp.rabbit.RabbitListenerEndpointContainer#0-1] c.gbs.auth.listener.user.UserListener    : Received message: 1234567890
2024-04-17T15:06:31.496+05:30  INFO 82650 --- [gbs-auth] [org.springframework.amqp.rabbit.RabbitListenerEndpointContainer#0-1] c.gbs.auth.listener.user.UserListener    : Received message: 1234567890
2024-04-17T15:06:31.513+05:30  INFO 82759 --- [gbs-auth] [org.springframework.amqp.rabbit.RabbitListenerEndpointContainer#0-1] c.gbs.auth.listener.user.UserListener    : Received message: 1234567890
2024-04-17T15:06:31.543+05:30  INFO 82537 --- [gbs-auth] [org.springframework.amqp.rabbit.RabbitListenerEndpointContainer#0-1] c.gbs.auth.listener.user.UserListener    : Received message: 1234567890
2024-04-17T15:06:31.604+05:30  INFO 82650 --- [gbs-auth] [org.springframework.amqp.rabbit.RabbitListenerEndpointContainer#0-1] c.gbs.auth.listener.user.UserListener    : Received message: 1234567890
2024-04-17T15:06:31.618+05:30  INFO 82759 --- [gbs-auth] [org.springframework.amqp.rabbit.RabbitListenerEndpointContainer#0-1] c.gbs.auth.listener.user.UserListener    : Received message: 1234567890
2024-04-17T15:06:31.644+05:30  INFO 82537 --- [gbs-auth] [org.springframework.amqp.rabbit.RabbitListenerEndpointContainer#0-1] c.gbs.auth.listener.user.UserListener    : Received message: 1234567890
2024-04-17T15:06:31.698+05:30  INFO 82650 --- [gbs-auth] [org.springframework.amqp.rabbit.RabbitListenerEndpointContainer#0-1] c.gbs.auth.listener.user.UserListener    : Received message: 1234567890
2024-04-17T15:06:31.711+05:30  INFO 82759 --- [gbs-auth] [org.springframework.amqp.rabbit.RabbitListenerEndpointContainer#0-1] c.gbs.auth.listener.user.UserListener    : Received message: 1234567890
2024-04-17T15:06:31.755+05:30  INFO 82537 --- [gbs-auth] [org.springframework.amqp.rabbit.RabbitListenerEndpointContainer#0-1] c.gbs.auth.listener.user.UserListener    : Received message: 1234567890
2024-04-17T15:06:31.798+05:30  INFO 82650 --- [gbs-auth] [org.springframework.amqp.rabbit.RabbitListenerEndpointContainer#0-1] c.gbs.auth.listener.user.UserListener    : Received message: 1234567890
2024-04-17T15:06:31.810+05:30  INFO 82759 --- [gbs-auth] [org.springframework.amqp.rabbit.RabbitListenerEndpointContainer#0-1] c.gbs.auth.listener.user.UserListener    : Received message: 1234567890
2024-04-17T15:06:31.858+05:30  INFO 82537 --- [gbs-auth] [org.springframework.amqp.rabbit.RabbitListenerEndpointContainer#0-1] c.gbs.auth.listener.user.UserListener    : Received message: 1234567890
2024-04-17T15:06:31.895+05:30  INFO 82650 --- [gbs-auth] [org.springframework.amqp.rabbit.RabbitListenerEndpointContainer#0-1] c.gbs.auth.listener.user.UserListener    : Received message: 1234567890
2024-04-17T15:06:31.900+05:30  INFO 82759 --- [gbs-auth] [org.springframework.amqp.rabbit.RabbitListenerEndpointContainer#0-1] c.gbs.auth.listener.user.UserListener    : Received message: 1234567890
2024-04-17T15:06:31.952+05:30  INFO 82537 --- [gbs-auth] [org.springframework.amqp.rabbit.RabbitListenerEndpointContainer#0-1] c.gbs.auth.listener.user.UserListener    : Received message: 1234567890
2024-04-17T15:06:31.999+05:30  INFO 82759 --- [gbs-auth] [org.springframework.amqp.rabbit.RabbitListenerEndpointContainer#0-1] c.gbs.auth.listener.user.UserListener    : Received message: 1234567890
2024-04-17T15:06:32.007+05:30  INFO 82650 --- [gbs-auth] [org.springframework.amqp.rabbit.RabbitListenerEndpointContainer#0-1] c.gbs.auth.listener.user.UserListener    : Received message: 1234567890
2024-04-17T15:06:32.049+05:30  INFO 82537 --- [gbs-auth] [org.springframework.amqp.rabbit.RabbitListenerEndpointContainer#0-1] c.gbs.auth.listener.user.UserListener    : Received message: 1234567890
2024-04-17T15:06:32.099+05:30  INFO 82759 --- [gbs-auth] [org.springframework.amqp.rabbit.RabbitListenerEndpointContainer#0-1] c.gbs.auth.listener.user.UserListener    : Received message: 1234567890
2024-04-17T15:06:32.120+05:30  INFO 82650 --- [gbs-auth] [org.springframework.amqp.rabbit.RabbitListenerEndpointContainer#0-1] c.gbs.auth.listener.user.UserListener    : Received message: 1234567890
2024-04-17T15:06:32.139+05:30  INFO 82537 --- [gbs-auth] [org.springframework.amqp.rabbit.RabbitListenerEndpointContainer#0-1] c.gbs.auth.listener.user.UserListener    : Received message: 1234567890
2024-04-17T15:06:32.192+05:30  INFO 82759 --- [gbs-auth] [org.springframework.amqp.rabbit.RabbitListenerEndpointContainer#0-1] c.gbs.auth.listener.user.UserListener    : Received message: 1234567890
2024-04-17T15:06:32.218+05:30  INFO 82650 --- [gbs-auth] [org.springframework.amqp.rabbit.RabbitListenerEndpointContainer#0-1] c.gbs.auth.listener.user.UserListener    : Received message: 1234567890
2024-04-17T15:06:32.258+05:30  INFO 82537 --- [gbs-auth] [org.springframework.amqp.rabbit.RabbitListenerEndpointContainer#0-1] c.gbs.auth.listener.user.UserListener    : Received message: 1234567890
2024-04-17T15:06:32.294+05:30  INFO 82759 --- [gbs-auth] [org.springframework.amqp.rabbit.RabbitListenerEndpointContainer#0-1] c.gbs.auth.listener.user.UserListener    : Received message: 1234567890
2024-04-17T15:06:32.322+05:30  INFO 82650 --- [gbs-auth] [org.springframework.amqp.rabbit.RabbitListenerEndpointContainer#0-1] c.gbs.auth.listener.user.UserListener    : Received message: 1234567890
2024-04-17T15:06:32.370+05:30  INFO 82537 --- [gbs-auth] [org.springframework.amqp.rabbit.RabbitListenerEndpointContainer#0-1] c.gbs.auth.listener.user.UserListener    : Received message: 1234567890
2024-04-17T15:06:32.404+05:30  INFO 82759 --- [gbs-auth] [org.springframework.amqp.rabbit.RabbitListenerEndpointContainer#0-1] c.gbs.auth.listener.user.UserListener    : Received message: 1234567890
2024-04-17T15:06:32.431+05:30  INFO 82650 --- [gbs-auth] [org.springframework.amqp.rabbit.RabbitListenerEndpointContainer#0-1] c.gbs.auth.listener.user.UserListener    : Received message: 1234567890
2024-04-17T15:06:32.466+05:30  INFO 82537 --- [gbs-auth] [org.springframework.amqp.rabbit.RabbitListenerEndpointContainer#0-1] c.gbs.auth.listener.user.UserListener    : Received message: 1234567890
2024-04-17T15:06:32.505+05:30  INFO 82759 --- [gbs-auth] [org.springframework.amqp.rabbit.RabbitListenerEndpointContainer#0-1] c.gbs.auth.listener.user.UserListener    : Received message: 1234567890
2024-04-17T15:06:32.528+05:30  INFO 82650 --- [gbs-auth] [org.springframework.amqp.rabbit.RabbitListenerEndpointContainer#0-1] c.gbs.auth.listener.user.UserListener    : Received message: 1234567890
2024-04-17T15:06:32.573+05:30  INFO 82537 --- [gbs-auth] [org.springframework.amqp.rabbit.RabbitListenerEndpointContainer#0-1] c.gbs.auth.listener.user.UserListener    : Received message: 1234567890
2024-04-17T15:06:32.595+05:30  INFO 82759 --- [gbs-auth] [org.springframework.amqp.rabbit.RabbitListenerEndpointContainer#0-1] c.gbs.auth.listener.user.UserListener    : Received message: 1234567890
2024-04-17T15:06:32.622+05:30  INFO 82650 --- [gbs-auth] [org.springframework.amqp.rabbit.RabbitListenerEndpointContainer#0-1] c.gbs.auth.listener.user.UserListener    : Received message: 1234567890
2024-04-17T15:06:32.688+05:30  INFO 82537 --- [gbs-auth] [org.springframework.amqp.rabbit.RabbitListenerEndpointContainer#0-1] c.gbs.auth.listener.user.UserListener    : Received message: 1234567890
2024-04-17T15:06:32.699+05:30  INFO 82759 --- [gbs-auth] [org.springframework.amqp.rabbit.RabbitListenerEndpointContainer#0-1] c.gbs.auth.listener.user.UserListener    : Received message: 1234567890
2024-04-17T15:06:32.718+05:30  INFO 82650 --- [gbs-auth] [org.springframework.amqp.rabbit.RabbitListenerEndpointContainer#0-1] c.gbs.auth.listener.user.UserListener    : Received message: 1234567890
2024-04-17T15:06:32.785+05:30  INFO 82537 --- [gbs-auth] [org.springframework.amqp.rabbit.RabbitListenerEndpointContainer#0-1] c.gbs.auth.listener.user.UserListener    : Received message: 1234567890
2024-04-17T15:06:32.798+05:30  INFO 82759 --- [gbs-auth] [org.springframework.amqp.rabbit.RabbitListenerEndpointContainer#0-1] c.gbs.auth.listener.user.UserListener    : Received message: 1234567890
2024-04-17T15:06:32.809+05:30  INFO 82650 --- [gbs-auth] [org.springframework.amqp.rabbit.RabbitListenerEndpointContainer#0-1] c.gbs.auth.listener.user.UserListener    : Received message: 1234567890
2024-04-17T15:06:32.894+05:30  INFO 82537 --- [gbs-auth] [org.springframework.amqp.rabbit.RabbitListenerEndpointContainer#0-1] c.gbs.auth.listener.user.UserListener    : Received message: 1234567890
2024-04-17T15:06:32.904+05:30  INFO 82650 --- [gbs-auth] [org.springframework.amqp.rabbit.RabbitListenerEndpointContainer#0-1] c.gbs.auth.listener.user.UserListener    : Received message: 1234567890
2024-04-17T15:06:32.918+05:30  INFO 82759 --- [gbs-auth] [org.springframework.amqp.rabbit.RabbitListenerEndpointContainer#0-1] c.gbs.auth.listener.user.UserListener    : Received message: 1234567890
2024-04-17T15:06:32.992+05:30  INFO 82537 --- [gbs-auth] [org.springframework.amqp.rabbit.RabbitListenerEndpointContainer#0-1] c.gbs.auth.listener.user.UserListener    : Received message: 1234567890
2024-04-17T15:06:33.008+05:30  INFO 82650 --- [gbs-auth] [org.springframework.amqp.rabbit.RabbitListenerEndpointContainer#0-1] c.gbs.auth.listener.user.UserListener    : Received message: 1234567890
2024-04-17T15:06:33.033+05:30  INFO 82759 --- [gbs-auth] [org.springframework.amqp.rabbit.RabbitListenerEndpointContainer#0-1] c.gbs.auth.listener.user.UserListener    : Received message: 1234567890
2024-04-17T15:06:33.109+05:30  INFO 82537 --- [gbs-auth] [org.springframework.amqp.rabbit.RabbitListenerEndpointContainer#0-1] c.gbs.auth.listener.user.UserListener    : Received message: 1234567890
2024-04-17T15:06:33.122+05:30  INFO 82650 --- [gbs-auth] [org.springframework.amqp.rabbit.RabbitListenerEndpointContainer#0-1] c.gbs.auth.listener.user.UserListener    : Received message: 1234567890
2024-04-17T15:06:33.134+05:30  INFO 82759 --- [gbs-auth] [org.springframework.amqp.rabbit.RabbitListenerEndpointContainer#0-1] c.gbs.auth.listener.user.UserListener    : Received message: 1234567890
2024-04-17T15:06:33.217+05:30  INFO 82537 --- [gbs-auth] [org.springframework.amqp.rabbit.RabbitListenerEndpointContainer#0-1] c.gbs.auth.listener.user.UserListener    : Received message: 1234567890
2024-04-17T15:06:33.234+05:30  INFO 82650 --- [gbs-auth] [org.springframework.amqp.rabbit.RabbitListenerEndpointContainer#0-1] c.gbs.auth.listener.user.UserListener    : Received message: 1234567890
2024-04-17T15:06:33.247+05:30  INFO 82759 --- [gbs-auth] [org.springframework.amqp.rabbit.RabbitListenerEndpointContainer#0-1] c.gbs.auth.listener.user.UserListener    : Received message: 1234567890
2024-04-17T15:06:33.326+05:30  INFO 82650 --- [gbs-auth] [org.springframework.amqp.rabbit.RabbitListenerEndpointContainer#0-1] c.gbs.auth.listener.user.UserListener    : Received message: 1234567890
2024-04-17T15:06:33.330+05:30  INFO 82537 --- [gbs-auth] [org.springframework.amqp.rabbit.RabbitListenerEndpointContainer#0-1] c.gbs.auth.listener.user.UserListener    : Received message: 1234567890
2024-04-17T15:06:33.340+05:30  INFO 82759 --- [gbs-auth] [org.springframework.amqp.rabbit.RabbitListenerEndpointContainer#0-1] c.gbs.auth.listener.user.UserListener    : Received message: 1234567890
2024-04-17T15:06:33.422+05:30  INFO 82650 --- [gbs-auth] [org.springframework.amqp.rabbit.RabbitListenerEndpointContainer#0-1] c.gbs.auth.listener.user.UserListener    : Received message: 1234567890
2024-04-17T15:06:33.427+05:30  INFO 82537 --- [gbs-auth] [org.springframework.amqp.rabbit.RabbitListenerEndpointContainer#0-1] c.gbs.auth.listener.user.UserListener    : Received message: 1234567890
2024-04-17T15:06:33.450+05:30  INFO 82759 --- [gbs-auth] [org.springframework.amqp.rabbit.RabbitListenerEndpointContainer#0-1] c.gbs.auth.listener.user.UserListener    : Received message: 1234567890
2024-04-17T15:06:33.511+05:30  INFO 82650 --- [gbs-auth] [org.springframework.amqp.rabbit.RabbitListenerEndpointContainer#0-1] c.gbs.auth.listener.user.UserListener    : Received message: 1234567890
2024-04-17T15:06:33.520+05:30  INFO 82537 --- [gbs-auth] [org.springframework.amqp.rabbit.RabbitListenerEndpointContainer#0-1] c.gbs.auth.listener.user.UserListener    : Received message: 1234567890
2024-04-17T15:06:33.541+05:30  INFO 82759 --- [gbs-auth] [org.springframework.amqp.rabbit.RabbitListenerEndpointContainer#0-1] c.gbs.auth.listener.user.UserListener    : Received message: 1234567890
2024-04-17T15:06:33.604+05:30  INFO 82650 --- [gbs-auth] [org.springframework.amqp.rabbit.RabbitListenerEndpointContainer#0-1] c.gbs.auth.listener.user.UserListener    : Received message: 1234567890
2024-04-17T15:06:33.614+05:30  INFO 82537 --- [gbs-auth] [org.springframework.amqp.rabbit.RabbitListenerEndpointContainer#0-1] c.gbs.auth.listener.user.UserListener    : Received message: 1234567890
2024-04-17T15:06:33.637+05:30  INFO 82759 --- [gbs-auth] [org.springframework.amqp.rabbit.RabbitListenerEndpointContainer#0-1] c.gbs.auth.listener.user.UserListener    : Received message: 1234567890
2024-04-17T15:06:33.695+05:30  INFO 82650 --- [gbs-auth] [org.springframework.amqp.rabbit.RabbitListenerEndpointContainer#0-1] c.gbs.auth.listener.user.UserListener    : Received message: 1234567890
2024-04-17T15:06:33.704+05:30  INFO 82537 --- [gbs-auth] [org.springframework.amqp.rabbit.RabbitListenerEndpointContainer#0-1] c.gbs.auth.listener.user.UserListener    : Received message: 1234567890
2024-04-17T15:06:33.725+05:30  INFO 82759 --- [gbs-auth] [org.springframework.amqp.rabbit.RabbitListenerEndpointContainer#0-1] c.gbs.auth.listener.user.UserListener    : Received message: 1234567890
2024-04-17T15:06:33.788+05:30  INFO 82650 --- [gbs-auth] [org.springframework.amqp.rabbit.RabbitListenerEndpointContainer#0-1] c.gbs.auth.listener.user.UserListener    : Received message: 1234567890
2024-04-17T15:06:33.799+05:30  INFO 82537 --- [gbs-auth] [org.springframework.amqp.rabbit.RabbitListenerEndpointContainer#0-1] c.gbs.auth.listener.user.UserListener    : Received message: 1234567890
2024-04-17T15:06:33.819+05:30  INFO 82759 --- [gbs-auth] [org.springframework.amqp.rabbit.RabbitListenerEndpointContainer#0-1] c.gbs.auth.listener.user.UserListener    : Received message: 1234567890
2024-04-17T15:06:33.897+05:30  INFO 82650 --- [gbs-auth] [org.springframework.amqp.rabbit.RabbitListenerEndpointContainer#0-1] c.gbs.auth.listener.user.UserListener    : Received message: 1234567890
2024-04-17T15:06:33.908+05:30  INFO 82537 --- [gbs-auth] [org.springframework.amqp.rabbit.RabbitListenerEndpointContainer#0-1] c.gbs.auth.listener.user.UserListener    : Received message: 1234567890
2024-04-17T15:06:33.912+05:30  INFO 82759 --- [gbs-auth] [org.springframework.amqp.rabbit.RabbitListenerEndpointContainer#0-1] c.gbs.auth.listener.user.UserListener    : Received message: 1234567890
2024-04-17T15:06:33.998+05:30  INFO 82537 --- [gbs-auth] [org.springframework.amqp.rabbit.RabbitListenerEndpointContainer#0-1] c.gbs.auth.listener.user.UserListener    : Received message: 1234567890
2024-04-17T15:06:34.002+05:30  INFO 82759 --- [gbs-auth] [org.springframework.amqp.rabbit.RabbitListenerEndpointContainer#0-1] c.gbs.auth.listener.user.UserListener    : Received message: 1234567890
2024-04-17T15:06:34.010+05:30  INFO 82650 --- [gbs-auth] [org.springframework.amqp.rabbit.RabbitListenerEndpointContainer#0-1] c.gbs.auth.listener.user.UserListener    : Received message: 1234567890
2024-04-17T15:06:34.095+05:30  INFO 82537 --- [gbs-auth] [org.springframework.amqp.rabbit.RabbitListenerEndpointContainer#0-1] c.gbs.auth.listener.user.UserListener    : Received message: 1234567890
2024-04-17T15:06:34.098+05:30  INFO 82759 --- [gbs-auth] [org.springframework.amqp.rabbit.RabbitListenerEndpointContainer#0-1] c.gbs.auth.listener.user.UserListener    : Received message: 1234567890
2024-04-17T15:06:34.108+05:30  INFO 82650 --- [gbs-auth] [org.springframework.amqp.rabbit.RabbitListenerEndpointContainer#0-1] c.gbs.auth.listener.user.UserListener    : Received message: 1234567890
2024-04-17T15:06:34.200+05:30  INFO 82650 --- [gbs-auth] [org.springframework.amqp.rabbit.RabbitListenerEndpointContainer#0-1] c.gbs.auth.listener.user.UserListener    : Received message: 1234567890
2024-04-17T15:06:34.207+05:30  INFO 82537 --- [gbs-auth] [org.springframework.amqp.rabbit.RabbitListenerEndpointContainer#0-1] c.gbs.auth.listener.user.UserListener    : Received message: 1234567890
2024-04-17T15:06:34.211+05:30  INFO 82759 --- [gbs-auth] [org.springframework.amqp.rabbit.RabbitListenerEndpointContainer#0-1] c.gbs.auth.listener.user.UserListener    : Received message: 1234567890
2024-04-17T15:06:34.292+05:30  INFO 82650 --- [gbs-auth] [org.springframework.amqp.rabbit.RabbitListenerEndpointContainer#0-1] c.gbs.auth.listener.user.UserListener    : Received message: 1234567890
2024-04-17T15:06:34.297+05:30  INFO 82537 --- [gbs-auth] [org.springframework.amqp.rabbit.RabbitListenerEndpointContainer#0-1] c.gbs.auth.listener.user.UserListener    : Received message: 1234567890
2024-04-17T15:06:34.325+05:30  INFO 82759 --- [gbs-auth] [org.springframework.amqp.rabbit.RabbitListenerEndpointContainer#0-1] c.gbs.auth.listener.user.UserListener    : Received message: 1234567890
2024-04-17T15:06:34.386+05:30  INFO 82650 --- [gbs-auth] [org.springframework.amqp.rabbit.RabbitListenerEndpointContainer#0-1] c.gbs.auth.listener.user.UserListener    : Received message: 1234567890
2024-04-17T15:06:34.393+05:30  INFO 82537 --- [gbs-auth] [org.springframework.amqp.rabbit.RabbitListenerEndpointContainer#0-1] c.gbs.auth.listener.user.UserListener    : Received message: 1234567890
2024-04-17T15:06:34.435+05:30  INFO 82759 --- [gbs-auth] [org.springframework.amqp.rabbit.RabbitListenerEndpointContainer#0-1] c.gbs.auth.listener.user.UserListener    : Received message: 1234567890
2024-04-17T15:06:34.477+05:30  INFO 82650 --- [gbs-auth] [org.springframework.amqp.rabbit.RabbitListenerEndpointContainer#0-1] c.gbs.auth.listener.user.UserListener    : Received message: 1234567890
2024-04-17T15:06:34.487+05:30  INFO 82537 --- [gbs-auth] [org.springframework.amqp.rabbit.RabbitListenerEndpointContainer#0-1] c.gbs.auth.listener.user.UserListener    : Received message: 1234567890
2024-04-17T15:06:34.526+05:30  INFO 82759 --- [gbs-auth] [org.springframework.amqp.rabbit.RabbitListenerEndpointContainer#0-1] c.gbs.auth.listener.user.UserListener    : Received message: 1234567890
2024-04-17T15:06:34.584+05:30  INFO 82650 --- [gbs-auth] [org.springframework.amqp.rabbit.RabbitListenerEndpointContainer#0-1] c.gbs.auth.listener.user.UserListener    : Received message: 1234567890
2024-04-17T15:06:34.599+05:30  INFO 82537 --- [gbs-auth] [org.springframework.amqp.rabbit.RabbitListenerEndpointContainer#0-1] c.gbs.auth.listener.user.UserListener    : Received message: 1234567890
2024-04-17T15:06:34.642+05:30  INFO 82759 --- [gbs-auth] [org.springframework.amqp.rabbit.RabbitListenerEndpointContainer#0-1] c.gbs.auth.listener.user.UserListener    : Received message: 1234567890
2024-04-17T15:06:34.687+05:30  INFO 82650 --- [gbs-auth] [org.springframework.amqp.rabbit.RabbitListenerEndpointContainer#0-1] c.gbs.auth.listener.user.UserListener    : Received message: 1234567890
2024-04-17T15:06:34.713+05:30  INFO 82537 --- [gbs-auth] [org.springframework.amqp.rabbit.RabbitListenerEndpointContainer#0-1] c.gbs.auth.listener.user.UserListener    : Received message: 1234567890
2024-04-17T15:06:34.755+05:30  INFO 82759 --- [gbs-auth] [org.springframework.amqp.rabbit.RabbitListenerEndpointContainer#0-1] c.gbs.auth.listener.user.UserListener    : Received message: 1234567890
2024-04-17T15:06:34.785+05:30  INFO 82650 --- [gbs-auth] [org.springframework.amqp.rabbit.RabbitListenerEndpointContainer#0-1] c.gbs.auth.listener.user.UserListener    : Received message: 1234567890
2024-04-17T15:06:34.831+05:30  INFO 82537 --- [gbs-auth] [org.springframework.amqp.rabbit.RabbitListenerEndpointContainer#0-1] c.gbs.auth.listener.user.UserListener    : Received message: 1234567890
2024-04-17T15:06:34.869+05:30  INFO 82759 --- [gbs-auth] [org.springframework.amqp.rabbit.RabbitListenerEndpointContainer#0-1] c.gbs.auth.listener.user.UserListener    : Received message: 1234567890
2024-04-17T15:06:34.881+05:30  INFO 82650 --- [gbs-auth] [org.springframework.amqp.rabbit.RabbitListenerEndpointContainer#0-1] c.gbs.auth.listener.user.UserListener    : Received message: 1234567890
2024-04-17T15:06:34.930+05:30  INFO 82537 --- [gbs-auth] [org.springframework.amqp.rabbit.RabbitListenerEndpointContainer#0-1] c.gbs.auth.listener.user.UserListener    : Received message: 1234567890
2024-04-17T15:06:34.968+05:30  INFO 82759 --- [gbs-auth] [org.springframework.amqp.rabbit.RabbitListenerEndpointContainer#0-1] c.gbs.auth.listener.user.UserListener    : Received message: 1234567890
2024-04-17T15:06:34.974+05:30  INFO 82650 --- [gbs-auth] [org.springframework.amqp.rabbit.RabbitListenerEndpointContainer#0-1] c.gbs.auth.listener.user.UserListener    : Received message: 1234567890
2024-04-17T15:06:35.043+05:30  INFO 82537 --- [gbs-auth] [org.springframework.amqp.rabbit.RabbitListenerEndpointContainer#0-1] c.gbs.auth.listener.user.UserListener    : Received message: 1234567890
2024-04-17T15:06:35.074+05:30  INFO 82650 --- [gbs-auth] [org.springframework.amqp.rabbit.RabbitListenerEndpointContainer#0-1] c.gbs.auth.listener.user.UserListener    : Received message: 1234567890
2024-04-17T15:06:35.078+05:30  INFO 82759 --- [gbs-auth] [org.springframework.amqp.rabbit.RabbitListenerEndpointContainer#0-1] c.gbs.auth.listener.user.UserListener    : Received message: 1234567890
2024-04-17T15:06:35.156+05:30  INFO 82537 --- [gbs-auth] [org.springframework.amqp.rabbit.RabbitListenerEndpointContainer#0-1] c.gbs.auth.listener.user.UserListener    : Received message: 1234567890
2024-04-17T15:06:35.168+05:30  INFO 82650 --- [gbs-auth] [org.springframework.amqp.rabbit.RabbitListenerEndpointContainer#0-1] c.gbs.auth.listener.user.UserListener    : Received message: 1234567890
2024-04-17T15:06:35.173+05:30  INFO 82759 --- [gbs-auth] [org.springframework.amqp.rabbit.RabbitListenerEndpointContainer#0-1] c.gbs.auth.listener.user.UserListener    : Received message: 1234567890
2024-04-17T15:06:35.269+05:30  INFO 82537 --- [gbs-auth] [org.springframework.amqp.rabbit.RabbitListenerEndpointContainer#0-1] c.gbs.auth.listener.user.UserListener    : Received message: 1234567890
2024-04-17T15:06:35.283+05:30  INFO 82650 --- [gbs-auth] [org.springframework.amqp.rabbit.RabbitListenerEndpointContainer#0-1] c.gbs.auth.listener.user.UserListener    : Received message: 1234567890
2024-04-17T15:06:35.287+05:30  INFO 82759 --- [gbs-auth] [org.springframework.amqp.rabbit.RabbitListenerEndpointContainer#0-1] c.gbs.auth.listener.user.UserListener    : Received message: 1234567890
2024-04-17T15:06:35.369+05:30  INFO 82537 --- [gbs-auth] [org.springframework.amqp.rabbit.RabbitListenerEndpointContainer#0-1] c.gbs.auth.listener.user.UserListener    : Received message: 1234567890
2024-04-17T15:06:35.383+05:30  INFO 82759 --- [gbs-auth] [org.springframework.amqp.rabbit.RabbitListenerEndpointContainer#0-1] c.gbs.auth.listener.user.UserListener    : Received message: 1234567890
2024-04-17T15:06:35.396+05:30  INFO 82650 --- [gbs-auth] [org.springframework.amqp.rabbit.RabbitListenerEndpointContainer#0-1] c.gbs.auth.listener.user.UserListener    : Received message: 1234567890
2024-04-17T15:06:35.490+05:30  INFO 82537 --- [gbs-auth] [org.springframework.amqp.rabbit.RabbitListenerEndpointContainer#0-1] c.gbs.auth.listener.user.UserListener    : Received message: 1234567890
2024-04-17T15:06:35.503+05:30  INFO 82759 --- [gbs-auth] [org.springframework.amqp.rabbit.RabbitListenerEndpointContainer#0-1] c.gbs.auth.listener.user.UserListener    : Received message: 1234567890
2024-04-17T15:06:35.507+05:30  INFO 82650 --- [gbs-auth] [org.springframework.amqp.rabbit.RabbitListenerEndpointContainer#0-1] c.gbs.auth.listener.user.UserListener    : Received message: 1234567890
2024-04-17T15:06:35.600+05:30  INFO 82537 --- [gbs-auth] [org.springframework.amqp.rabbit.RabbitListenerEndpointContainer#0-1] c.gbs.auth.listener.user.UserListener    : Received message: 1234567890
2024-04-17T15:06:35.617+05:30  INFO 82759 --- [gbs-auth] [org.springframework.amqp.rabbit.RabbitListenerEndpointContainer#0-1] c.gbs.auth.listener.user.UserListener    : Received message: 1234567890
2024-04-17T15:06:35.620+05:30  INFO 82650 --- [gbs-auth] [org.springframework.amqp.rabbit.RabbitListenerEndpointContainer#0-1] c.gbs.auth.listener.user.UserListener    : Received message: 1234567890
2024-04-17T15:06:35.723+05:30  INFO 82537 --- [gbs-auth] [org.springframework.amqp.rabbit.RabbitListenerEndpointContainer#0-1] c.gbs.auth.listener.user.UserListener    : Received message: 1234567890
2024-04-17T15:06:35.733+05:30  INFO 82759 --- [gbs-auth] [org.springframework.amqp.rabbit.RabbitListenerEndpointContainer#0-1] c.gbs.auth.listener.user.UserListener    : Received message: 1234567890
2024-04-17T15:06:35.743+05:30  INFO 82650 --- [gbs-auth] [org.springframework.amqp.rabbit.RabbitListenerEndpointContainer#0-1] c.gbs.auth.listener.user.UserListener    : Received message: 1234567890
2024-04-17T15:06:35.821+05:30  INFO 82537 --- [gbs-auth] [org.springframework.amqp.rabbit.RabbitListenerEndpointContainer#0-1] c.gbs.auth.listener.user.UserListener    : Received message: 1234567890
2024-04-17T15:06:35.831+05:30  INFO 82759 --- [gbs-auth] [org.springframework.amqp.rabbit.RabbitListenerEndpointContainer#0-1] c.gbs.auth.listener.user.UserListener    : Received message: 1234567890
2024-04-17T15:06:35.847+05:30  INFO 82650 --- [gbs-auth] [org.springframework.amqp.rabbit.RabbitListenerEndpointContainer#0-1] c.gbs.auth.listener.user.UserListener    : Received message: 1234567890
2024-04-17T15:06:35.928+05:30  INFO 82759 --- [gbs-auth] [org.springframework.amqp.rabbit.RabbitListenerEndpointContainer#0-1] c.gbs.auth.listener.user.UserListener    : Received message: 1234567890
2024-04-17T15:06:35.932+05:30  INFO 82537 --- [gbs-auth] [org.springframework.amqp.rabbit.RabbitListenerEndpointContainer#0-1] c.gbs.auth.listener.user.UserListener    : Received message: 1234567890
2024-04-17T15:06:35.952+05:30  INFO 82650 --- [gbs-auth] [org.springframework.amqp.rabbit.RabbitListenerEndpointContainer#0-1] c.gbs.auth.listener.user.UserListener    : Received message: 1234567890
2024-04-17T15:06:36.046+05:30  INFO 82759 --- [gbs-auth] [org.springframework.amqp.rabbit.RabbitListenerEndpointContainer#0-1] c.gbs.auth.listener.user.UserListener    : Received message: 1234567890
2024-04-17T15:06:36.053+05:30  INFO 82537 --- [gbs-auth] [org.springframework.amqp.rabbit.RabbitListenerEndpointContainer#0-1] c.gbs.auth.listener.user.UserListener    : Received message: 1234567890
2024-04-17T15:06:36.066+05:30  INFO 82650 --- [gbs-auth] [org.springframework.amqp.rabbit.RabbitListenerEndpointContainer#0-1] c.gbs.auth.listener.user.UserListener    : Received message: 1234567890
2024-04-17T15:06:36.167+05:30  INFO 82650 --- [gbs-auth] [org.springframework.amqp.rabbit.RabbitListenerEndpointContainer#0-1] c.gbs.auth.listener.user.UserListener    : Received message: 1234567890
2024-04-17T15:06:55.553+05:30  INFO 82650 --- [gbs-auth] [org.springframework.amqp.rabbit.RabbitListenerEndpointContainer#0-2] o.s.a.r.l.SimpleMessageListenerContainer : Waiting for workers to finish.
2024-04-17T15:06:56.277+05:30  INFO 82650 --- [gbs-auth] [org.springframework.amqp.rabbit.RabbitListenerEndpointContainer#0-2] o.s.a.r.l.SimpleMessageListenerContainer : Successfully waited for workers to finish.
2024-04-17T15:06:56.303+05:30  INFO 82650 --- [gbs-auth] [SpringApplicationShutdownHook] j.LocalContainerEntityManagerFactoryBean : Closing JPA EntityManagerFactory for persistence unit 'default'
2024-04-17T15:06:56.306+05:30  INFO 82650 --- [gbs-auth] [SpringApplicationShutdownHook] com.zaxxer.hikari.HikariDataSource       : HikariPool-1 - Shutdown initiated...
2024-04-17T15:06:56.315+05:30  INFO 82650 --- [gbs-auth] [SpringApplicationShutdownHook] com.zaxxer.hikari.HikariDataSource       : HikariPool-1 - Shutdown completed.
2024-04-17T15:06:57.616+05:30  INFO 82537 --- [gbs-auth] [org.springframework.amqp.rabbit.RabbitListenerEndpointContainer#0-2] o.s.a.r.l.SimpleMessageListenerContainer : Waiting for workers to finish.
2024-04-17T15:06:58.157+05:30  INFO 82537 --- [gbs-auth] [org.springframework.amqp.rabbit.RabbitListenerEndpointContainer#0-2] o.s.a.r.l.SimpleMessageListenerContainer : Successfully waited for workers to finish.
2024-04-17T15:06:58.179+05:30  INFO 82537 --- [gbs-auth] [SpringApplicationShutdownHook] j.LocalContainerEntityManagerFactoryBean : Closing JPA EntityManagerFactory for persistence unit 'default'
2024-04-17T15:06:58.182+05:30  INFO 82537 --- [gbs-auth] [SpringApplicationShutdownHook] com.zaxxer.hikari.HikariDataSource       : HikariPool-1 - Shutdown initiated...
2024-04-17T15:06:58.191+05:30  INFO 82537 --- [gbs-auth] [SpringApplicationShutdownHook] com.zaxxer.hikari.HikariDataSource       : HikariPool-1 - Shutdown completed.
2024-04-17T15:06:59.285+05:30  INFO 82759 --- [gbs-auth] [org.springframework.amqp.rabbit.RabbitListenerEndpointContainer#0-2] o.s.a.r.l.SimpleMessageListenerContainer : Waiting for workers to finish.
2024-04-17T15:07:00.161+05:30  INFO 82759 --- [gbs-auth] [org.springframework.amqp.rabbit.RabbitListenerEndpointContainer#0-2] o.s.a.r.l.SimpleMessageListenerContainer : Successfully waited for workers to finish.
2024-04-17T15:07:00.187+05:30  INFO 82759 --- [gbs-auth] [SpringApplicationShutdownHook] j.LocalContainerEntityManagerFactoryBean : Closing JPA EntityManagerFactory for persistence unit 'default'
2024-04-17T15:07:00.190+05:30  INFO 82759 --- [gbs-auth] [SpringApplicationShutdownHook] com.zaxxer.hikari.HikariDataSource       : HikariPool-1 - Shutdown initiated...
2024-04-17T15:07:00.199+05:30  INFO 82759 --- [gbs-auth] [SpringApplicationShutdownHook] com.zaxxer.hikari.HikariDataSource       : HikariPool-1 - Shutdown completed.
